Using pre-set license
Built from '2020.3/staging' branch; Version is '2020.3.10f1 (297d780c91bc) revision 2719096'; Using compiler version '192528614'; Build Type 'Release'
OS: 'Windows 10 Home; OS build 19041.1052; Version 2004; 64bit' Language: 'en' Physical Memory: 16237 MB
BatchMode: 1, IsHumanControllingUs: 0, StartBugReporterOnCrash: 0, Is64bit: 1, IsPro: 0

 COMMAND LINE ARGUMENTS:
D:\Program Files\Unity\2020.3.10f1\Editor\Unity.exe
-adb2
-batchMode
-noUpm
-name
AssetImportWorker0
-projectPath
D:/Game Portfolio/ARZombie
-logFile
Logs/AssetImportWorker0.log
-srvPort
64517
Successfully changed project path to: D:/Game Portfolio/ARZombie
D:/Game Portfolio/ARZombie
Using Asset Import Pipeline V2.
Refreshing native plugins compatible for Editor in 31.41 ms, found 2 plugins.
Preloading 0 native plugins for Editor in 0.00 ms.
Initialize engine version: 2020.3.10f1 (297d780c91bc)
[Subsystems] Discovering subsystems at path D:/Program Files/Unity/2020.3.10f1/Editor/Data/Resources/UnitySubsystems
[Subsystems] Discovering subsystems at path D:/Game Portfolio/ARZombie/Assets
GfxDevice: creating device client; threaded=0
Direct3D:
    Version:  Direct3D 11.0 [level 11.1]
    Renderer: NVIDIA GeForce GTX 1660 Ti (ID=0x2182)
    Vendor:   
    VRAM:     5991 MB
    Driver:   27.21.14.6137
Initialize mono
Mono path[0] = 'D:/Program Files/Unity/2020.3.10f1/Editor/Data/Managed'
Mono path[1] = 'D:/Program Files/Unity/2020.3.10f1/Editor/Data/MonoBleedingEdge/lib/mono/unityjit'
Mono config path = 'D:/Program Files/Unity/2020.3.10f1/Editor/Data/MonoBleedingEdge/etc'
Using monoOptions --debugger-agent=transport=dt_socket,embedding=1,server=y,suspend=n,address=127.0.0.1:56180
Begin MonoManager ReloadAssembly
Registering precompiled unity dll's ...
Register platform support module: D:/Program Files/Unity/2020.3.10f1/Editor/Data/PlaybackEngines/WebGLSupport/UnityEditor.WebGL.Extensions.dll
Register platform support module: D:/Program Files/Unity/2020.3.10f1/Editor/Data/PlaybackEngines/WindowsStandaloneSupport/UnityEditor.WindowsStandalone.Extensions.dll
Registered in 0.001339 seconds.
Native extension for WindowsStandalone target not found
Native extension for WebGL target not found
Refreshing native plugins compatible for Editor in 29.27 ms, found 2 plugins.
Preloading 0 native plugins for Editor in 0.00 ms.
Mono: successfully reloaded assembly
- Completed reload, in  1.439 seconds
Platform modules already initialized, skipping
Registering precompiled user dll's ...
Registered in 0.002803 seconds.
Begin MonoManager ReloadAssembly
Native extension for WindowsStandalone target not found
Native extension for WebGL target not found
Refreshing native plugins compatible for Editor in 0.48 ms, found 2 plugins.
Preloading 0 native plugins for Editor in 0.00 ms.
Mono: successfully reloaded assembly
- Completed reload, in  0.958 seconds
Platform modules already initialized, skipping
========================================================================
Worker process is ready to serve import requests
Launched and connected shader compiler UnityShaderCompiler.exe after 0.12 seconds
Refreshing native plugins compatible for Editor in 0.46 ms, found 2 plugins.
Preloading 0 native plugins for Editor in 0.00 ms.
Unloading 1879 Unused Serialized files (Serialized files now loaded: 0)
System memory in use before: 88.5 MB.
System memory in use after: 88.5 MB.

Unloading 21 unused Assets to reduce memory usage. Loaded Objects now: 2320.
Total: 1.992900 ms (FindLiveObjects: 0.162200 ms CreateObjectMapping: 0.060700 ms MarkObjects: 1.678200 ms  DeleteObjects: 0.090400 ms)

========================================================================
Received Import Request.
  path: Assets/Scripts/EnemySpawn.cs
  artifactKey: Guid(fe42fc597d510324d91b5f2126744b54) Importer(815301076,1909f56bfc062723c751e8b465ee728b)
Start importing Assets/Scripts/EnemySpawn.cs using Guid(fe42fc597d510324d91b5f2126744b54) Importer(815301076,1909f56bfc062723c751e8b465ee728b)  -> (artifact id: '1943d77461aa99fdda5395a89fde7d53') in 0.032387 seconds
  Import took 0.091660 seconds .

========================================================================
Received Prepare
Registering precompiled user dll's ...
Registered in 0.002910 seconds.
Begin MonoManager ReloadAssembly
Native extension for WindowsStandalone target not found
Native extension for WebGL target not found
Refreshing native plugins compatible for Editor in 0.36 ms, found 2 plugins.
Preloading 0 native plugins for Editor in 0.00 ms.
Mono: successfully reloaded assembly
- Completed reload, in  0.821 seconds
Platform modules already initialized, skipping
Switching build target platform(19) subTarget(0) extendedPlatform(0) -> platform(13) subTarget(524288) extendedPlatform(0)
Refreshing native plugins compatible for Editor in 0.36 ms, found 2 plugins.
Preloading 0 native plugins for Editor in 0.00 ms.
Unloading 1831 Unused Serialized files (Serialized files now loaded: 0)
System memory in use before: 83.0 MB.
System memory in use after: 83.0 MB.

Unloading 16 unused Assets to reduce memory usage. Loaded Objects now: 2324.
Total: 2.139200 ms (FindLiveObjects: 0.144900 ms CreateObjectMapping: 0.051100 ms MarkObjects: 1.863100 ms  DeleteObjects: 0.079100 ms)

AssetImportParameters requested are different than current active one (requested -> active):
  custom:graphics/normal-map-encoding: 01000000000000000000000000000000 -> 02000000000000000000000000000000
========================================================================
Received Prepare
Registering precompiled user dll's ...
Registered in 0.003591 seconds.
Begin MonoManager ReloadAssembly
Native extension for WindowsStandalone target not found
Native extension for WebGL target not found
Refreshing native plugins compatible for Editor in 0.38 ms, found 2 plugins.
Preloading 0 native plugins for Editor in 0.00 ms.
Mono: successfully reloaded assembly
- Completed reload, in  0.857 seconds
Platform modules already initialized, skipping
Switching build target platform(19) subTarget(0) extendedPlatform(0) -> platform(13) subTarget(524288) extendedPlatform(0)
Refreshing native plugins compatible for Editor in 0.46 ms, found 2 plugins.
Preloading 0 native plugins for Editor in 0.00 ms.
Unloading 1831 Unused Serialized files (Serialized files now loaded: 0)
System memory in use before: 83.0 MB.
System memory in use after: 83.1 MB.

Unloading 16 unused Assets to reduce memory usage. Loaded Objects now: 2328.
Total: 1.967700 ms (FindLiveObjects: 0.184800 ms CreateObjectMapping: 0.063100 ms MarkObjects: 1.659800 ms  DeleteObjects: 0.059200 ms)

AssetImportParameters requested are different than current active one (requested -> active):
  custom:graphics/normal-map-encoding: 01000000000000000000000000000000 -> 02000000000000000000000000000000
========================================================================
Received Import Request.
  Time since last request: 4381.492055 seconds.
  path: Assets/Prefabs/EnemyTestPrefab.prefab
  artifactKey: Guid(1f9e91200a64dfe45afbf32f067b1409) Importer(815301076,1909f56bfc062723c751e8b465ee728b)
Start importing Assets/Prefabs/EnemyTestPrefab.prefab using Guid(1f9e91200a64dfe45afbf32f067b1409) Importer(815301076,1909f56bfc062723c751e8b465ee728b)  -> (artifact id: '4437cfd6f6907402b65fc0b4281594c5') in 0.193346 seconds
  Import took 0.208649 seconds .

========================================================================
Received Import Request.
  Time since last request: 0.000245 seconds.
  path: Assets/Prefabs/ZombieTest.prefab
  artifactKey: Guid(4e3aacd50f5814f47a7f7cfd99f132ab) Importer(815301076,1909f56bfc062723c751e8b465ee728b)
Start importing Assets/Prefabs/ZombieTest.prefab using Guid(4e3aacd50f5814f47a7f7cfd99f132ab) Importer(815301076,1909f56bfc062723c751e8b465ee728b)  -> (artifact id: '8befe804253842caae1a80c5df3fdefb') in 0.485353 seconds
  Import took 0.504163 seconds .

========================================================================
Received Import Request.
  Time since last request: 6.366778 seconds.
  path: Assets/Prefabs/Explosion.prefab
  artifactKey: Guid(29583ade75c4cfa44bf7ab4ce8cadd83) Importer(815301076,1909f56bfc062723c751e8b465ee728b)
Start importing Assets/Prefabs/Explosion.prefab using Guid(29583ade75c4cfa44bf7ab4ce8cadd83) Importer(815301076,1909f56bfc062723c751e8b465ee728b)  -> (artifact id: 'f28f5dd5a15e43995caf3597b715eaed') in 0.043525 seconds
  Import took 0.046960 seconds .

========================================================================
Received Import Request.
  Time since last request: 34.839039 seconds.
  path: Assets/Prefabs/Explosion.prefab
  artifactKey: Guid(29583ade75c4cfa44bf7ab4ce8cadd83) Importer(815301076,1909f56bfc062723c751e8b465ee728b)
Start importing Assets/Prefabs/Explosion.prefab using Guid(29583ade75c4cfa44bf7ab4ce8cadd83) Importer(815301076,1909f56bfc062723c751e8b465ee728b)  -> (artifact id: 'ec25be0f7c0627a8c77b052864569eab') in 0.004117 seconds
  Import took 0.008085 seconds .

========================================================================
Received Import Request.
  Time since last request: 21.277919 seconds.
  path: Assets/Prefabs/Explosion.prefab
  artifactKey: Guid(29583ade75c4cfa44bf7ab4ce8cadd83) Importer(815301076,1909f56bfc062723c751e8b465ee728b)
Start importing Assets/Prefabs/Explosion.prefab using Guid(29583ade75c4cfa44bf7ab4ce8cadd83) Importer(815301076,1909f56bfc062723c751e8b465ee728b)  -> (artifact id: 'e4f8a5970108f50c33cfc6d026199718') in 0.006002 seconds
  Import took 0.045513 seconds .

========================================================================
Received Import Request.
  Time since last request: 10.071250 seconds.
  path: Assets/Prefabs/Explosion.prefab
  artifactKey: Guid(29583ade75c4cfa44bf7ab4ce8cadd83) Importer(815301076,1909f56bfc062723c751e8b465ee728b)
Start importing Assets/Prefabs/Explosion.prefab using Guid(29583ade75c4cfa44bf7ab4ce8cadd83) Importer(815301076,1909f56bfc062723c751e8b465ee728b)  -> (artifact id: '1664f2e2f5fee493820e6373de8f7d11') in 0.004317 seconds
  Import took 0.031357 seconds .

========================================================================
Received Import Request.
  Time since last request: 16.593687 seconds.
  path: Assets/Prefabs/Explosion.prefab
  artifactKey: Guid(29583ade75c4cfa44bf7ab4ce8cadd83) Importer(815301076,1909f56bfc062723c751e8b465ee728b)
Start importing Assets/Prefabs/Explosion.prefab using Guid(29583ade75c4cfa44bf7ab4ce8cadd83) Importer(815301076,1909f56bfc062723c751e8b465ee728b)  -> (artifact id: '455195cc71919c98c92f2aa70bf31b2e') in 0.005136 seconds
  Import took 0.021834 seconds .

========================================================================
Received Import Request.
  Time since last request: 7.074888 seconds.
  path: Assets/Prefabs/Explosion.prefab
  artifactKey: Guid(29583ade75c4cfa44bf7ab4ce8cadd83) Importer(815301076,1909f56bfc062723c751e8b465ee728b)
Start importing Assets/Prefabs/Explosion.prefab using Guid(29583ade75c4cfa44bf7ab4ce8cadd83) Importer(815301076,1909f56bfc062723c751e8b465ee728b)  -> (artifact id: '8282a5e70822116b8e6f049154fbdcf5') in 0.004239 seconds
  Import took 0.164078 seconds .

========================================================================
Received Import Request.
  Time since last request: 7.234884 seconds.
  path: Assets/Prefabs/Explosion.prefab
  artifactKey: Guid(29583ade75c4cfa44bf7ab4ce8cadd83) Importer(815301076,1909f56bfc062723c751e8b465ee728b)
Start importing Assets/Prefabs/Explosion.prefab using Guid(29583ade75c4cfa44bf7ab4ce8cadd83) Importer(815301076,1909f56bfc062723c751e8b465ee728b)  -> (artifact id: '6a03973d1c4928b5bf858307bf4b99f0') in 0.005202 seconds
  Import took 0.018674 seconds .

========================================================================
Received Import Request.
  Time since last request: 11.443911 seconds.
  path: Assets/Prefabs/Explosion.prefab
  artifactKey: Guid(29583ade75c4cfa44bf7ab4ce8cadd83) Importer(815301076,1909f56bfc062723c751e8b465ee728b)
Start importing Assets/Prefabs/Explosion.prefab using Guid(29583ade75c4cfa44bf7ab4ce8cadd83) Importer(815301076,1909f56bfc062723c751e8b465ee728b)  -> (artifact id: 'ae14c25cc7d1d1c2dda95604bf6a42b9') in 0.005607 seconds
  Import took 0.056060 seconds .

========================================================================
Received Import Request.
  Time since last request: 2.851375 seconds.
  path: Assets/Prefabs/Explosion.prefab
  artifactKey: Guid(29583ade75c4cfa44bf7ab4ce8cadd83) Importer(815301076,1909f56bfc062723c751e8b465ee728b)
Start importing Assets/Prefabs/Explosion.prefab using Guid(29583ade75c4cfa44bf7ab4ce8cadd83) Importer(815301076,1909f56bfc062723c751e8b465ee728b)  -> (artifact id: 'df9507c30fcdac78cb1b5f9b58d45e1d') in 0.006808 seconds
  Import took 0.012005 seconds .

========================================================================
Received Import Request.
  Time since last request: 3.442205 seconds.
  path: Assets/Prefabs/Explosion.prefab
  artifactKey: Guid(29583ade75c4cfa44bf7ab4ce8cadd83) Importer(815301076,1909f56bfc062723c751e8b465ee728b)
Start importing Assets/Prefabs/Explosion.prefab using Guid(29583ade75c4cfa44bf7ab4ce8cadd83) Importer(815301076,1909f56bfc062723c751e8b465ee728b)  -> (artifact id: '695f05e2dc5a9ba61a96bbb7651629ec') in 0.004468 seconds
  Import took 0.008301 seconds .

========================================================================
Received Import Request.
  Time since last request: 3.843347 seconds.
  path: Assets/Prefabs/Explosion.prefab
  artifactKey: Guid(29583ade75c4cfa44bf7ab4ce8cadd83) Importer(815301076,1909f56bfc062723c751e8b465ee728b)
Start importing Assets/Prefabs/Explosion.prefab using Guid(29583ade75c4cfa44bf7ab4ce8cadd83) Importer(815301076,1909f56bfc062723c751e8b465ee728b)  -> (artifact id: '504b6b10d46b64628d9fa8a6097f8356') in 0.004725 seconds
  Import took 0.008898 seconds .

========================================================================
Received Import Request.
  Time since last request: 1.015737 seconds.
  path: Assets/Prefabs/Explosion.prefab
  artifactKey: Guid(29583ade75c4cfa44bf7ab4ce8cadd83) Importer(815301076,1909f56bfc062723c751e8b465ee728b)
Start importing Assets/Prefabs/Explosion.prefab using Guid(29583ade75c4cfa44bf7ab4ce8cadd83) Importer(815301076,1909f56bfc062723c751e8b465ee728b)  -> (artifact id: '040adf69a9ec06754e8824f305f17e1c') in 0.004365 seconds
  Import took 0.009234 seconds .

========================================================================
Received Import Request.
  Time since last request: 8.471255 seconds.
  path: Assets/Prefabs/Explosion.prefab
  artifactKey: Guid(29583ade75c4cfa44bf7ab4ce8cadd83) Importer(815301076,1909f56bfc062723c751e8b465ee728b)
Start importing Assets/Prefabs/Explosion.prefab using Guid(29583ade75c4cfa44bf7ab4ce8cadd83) Importer(815301076,1909f56bfc062723c751e8b465ee728b)  -> (artifact id: '6222901dc9fb0c18817310bb43163a76') in 0.005154 seconds
  Import took 0.103301 seconds .

========================================================================
Received Import Request.
  Time since last request: 7.559429 seconds.
  path: Assets/Prefabs/Explosion.prefab
  artifactKey: Guid(29583ade75c4cfa44bf7ab4ce8cadd83) Importer(815301076,1909f56bfc062723c751e8b465ee728b)
Start importing Assets/Prefabs/Explosion.prefab using Guid(29583ade75c4cfa44bf7ab4ce8cadd83) Importer(815301076,1909f56bfc062723c751e8b465ee728b)  -> (artifact id: '9990583f92c6263a297401a9b263046a') in 0.003809 seconds
  Import took 0.007011 seconds .

========================================================================
Received Import Request.
  Time since last request: 215.985340 seconds.
  path: Assets/Prefabs/Explosion.prefab
  artifactKey: Guid(29583ade75c4cfa44bf7ab4ce8cadd83) Importer(815301076,1909f56bfc062723c751e8b465ee728b)
Start importing Assets/Prefabs/Explosion.prefab using Guid(29583ade75c4cfa44bf7ab4ce8cadd83) Importer(815301076,1909f56bfc062723c751e8b465ee728b)  -> (artifact id: '2eb57bdf968239eca258e298a76a14ce') in 0.005144 seconds
  Import took 0.010095 seconds .

========================================================================
Received Import Request.
  Time since last request: 9.895334 seconds.
  path: Assets/Prefabs/Explosion.prefab
  artifactKey: Guid(29583ade75c4cfa44bf7ab4ce8cadd83) Importer(815301076,1909f56bfc062723c751e8b465ee728b)
Start importing Assets/Prefabs/Explosion.prefab using Guid(29583ade75c4cfa44bf7ab4ce8cadd83) Importer(815301076,1909f56bfc062723c751e8b465ee728b)  -> (artifact id: 'c8dbd70b8be2863d44a422197fdcf715') in 0.003909 seconds
  Import took 0.006966 seconds .

========================================================================
Received Import Request.
  Time since last request: 5.048168 seconds.
  path: Assets/Prefabs/Explosion.prefab
  artifactKey: Guid(29583ade75c4cfa44bf7ab4ce8cadd83) Importer(815301076,1909f56bfc062723c751e8b465ee728b)
Start importing Assets/Prefabs/Explosion.prefab using Guid(29583ade75c4cfa44bf7ab4ce8cadd83) Importer(815301076,1909f56bfc062723c751e8b465ee728b)  -> (artifact id: '631fb9ad4fd1201933f1c5dacf541055') in 0.004641 seconds
  Import took 0.031210 seconds .

========================================================================
Received Import Request.
  Time since last request: 19.197440 seconds.
  path: Assets/Prefabs/Explosion.prefab
  artifactKey: Guid(29583ade75c4cfa44bf7ab4ce8cadd83) Importer(815301076,1909f56bfc062723c751e8b465ee728b)
Start importing Assets/Prefabs/Explosion.prefab using Guid(29583ade75c4cfa44bf7ab4ce8cadd83) Importer(815301076,1909f56bfc062723c751e8b465ee728b)  -> (artifact id: 'bfcd4ef5c06594c2eacad2f7f81cbcdf') in 0.004063 seconds
  Import took 0.007368 seconds .

========================================================================
Received Prepare
Registering precompiled user dll's ...
Registered in 0.002910 seconds.
Begin MonoManager ReloadAssembly
Native extension for WindowsStandalone target not found
Native extension for WebGL target not found
Refreshing native plugins compatible for Editor in 0.38 ms, found 2 plugins.
Preloading 0 native plugins for Editor in 0.00 ms.
Mono: successfully reloaded assembly
- Completed reload, in  0.886 seconds
Platform modules already initialized, skipping
Switching build target platform(19) subTarget(0) extendedPlatform(0) -> platform(13) subTarget(524288) extendedPlatform(0)
Refreshing native plugins compatible for Editor in 0.38 ms, found 2 plugins.
Preloading 0 native plugins for Editor in 0.00 ms.
Unloading 1831 Unused Serialized files (Serialized files now loaded: 0)
System memory in use before: 100.0 MB.
System memory in use after: 100.1 MB.

Unloading 16 unused Assets to reduce memory usage. Loaded Objects now: 2341.
Total: 1.981700 ms (FindLiveObjects: 0.139600 ms CreateObjectMapping: 0.050100 ms MarkObjects: 1.732200 ms  DeleteObjects: 0.058700 ms)

AssetImportParameters requested are different than current active one (requested -> active):
  custom:graphics/normal-map-encoding: 01000000000000000000000000000000 -> 02000000000000000000000000000000
========================================================================
Received Import Request.
  Time since last request: 64.924843 seconds.
  path: Assets/Prefabs/Explosion.prefab
  artifactKey: Guid(29583ade75c4cfa44bf7ab4ce8cadd83) Importer(815301076,1909f56bfc062723c751e8b465ee728b)
Start importing Assets/Prefabs/Explosion.prefab using Guid(29583ade75c4cfa44bf7ab4ce8cadd83) Importer(815301076,1909f56bfc062723c751e8b465ee728b)  -> (artifact id: 'e0347400f9ea7a3c8d0c13b498b5d857') in 0.022690 seconds
  Import took 0.025531 seconds .

========================================================================
Received Import Request.
  Time since last request: 7.681260 seconds.
  path: Assets/Prefabs/Explosion.prefab
  artifactKey: Guid(29583ade75c4cfa44bf7ab4ce8cadd83) Importer(815301076,1909f56bfc062723c751e8b465ee728b)
Start importing Assets/Prefabs/Explosion.prefab using Guid(29583ade75c4cfa44bf7ab4ce8cadd83) Importer(815301076,1909f56bfc062723c751e8b465ee728b)  -> (artifact id: 'ddadf6fc74f6843e54fa6fa257a2d20a') in 0.004510 seconds
  Import took 0.015603 seconds .

========================================================================
Received Import Request.
  Time since last request: 36.618314 seconds.
  path: Assets/Low Poly Guns/Models/Guns/assault1/Materials/assault1_diffuse.mat
  artifactKey: Guid(0e2b588e5e3d2b64fab60e696273a80b) Importer(815301076,1909f56bfc062723c751e8b465ee728b)
Start importing Assets/Low Poly Guns/Models/Guns/assault1/Materials/assault1_diffuse.mat using Guid(0e2b588e5e3d2b64fab60e696273a80b) Importer(815301076,1909f56bfc062723c751e8b465ee728b)  -> (artifact id: '27a63d30cf05541c569022787a32a735') in 0.206980 seconds
  Import took 0.219475 seconds .

========================================================================
Received Import Request.
  Time since last request: 0.000183 seconds.
  path: Assets/Low Poly Guns/Models/Guns/assault2/assault2.fbx
  artifactKey: Guid(6bea03a7115c5d748b18a7573d0d4d2b) Importer(815301076,1909f56bfc062723c751e8b465ee728b)
Start importing Assets/Low Poly Guns/Models/Guns/assault2/assault2.fbx using Guid(6bea03a7115c5d748b18a7573d0d4d2b) Importer(815301076,1909f56bfc062723c751e8b465ee728b)  -> (artifact id: 'bdcbf2db182ca6b6d504d7bae686f22a') in 0.117397 seconds
  Import took 0.156995 seconds .

========================================================================
Received Import Request.
  Time since last request: 0.000199 seconds.
  path: Assets/Low Poly Guns/Models/Guns/shotgun1/shotgun1.fbx
  artifactKey: Guid(f62f7dc06bd890d4aab43b8fd635fe02) Importer(815301076,1909f56bfc062723c751e8b465ee728b)
Start importing Assets/Low Poly Guns/Models/Guns/shotgun1/shotgun1.fbx using Guid(f62f7dc06bd890d4aab43b8fd635fe02) Importer(815301076,1909f56bfc062723c751e8b465ee728b)  -> (artifact id: '70e931b2cebecbe0a3d97efd471ef2ad') in 0.032665 seconds
  Import took 0.039940 seconds .

========================================================================
Received Import Request.
  Time since last request: 0.000240 seconds.
  path: Assets/Low Poly Guns/Models/Guns/assault4/assault4.mat
  artifactKey: Guid(a3de5fdd82f571f4eb16a3c2530b4303) Importer(815301076,1909f56bfc062723c751e8b465ee728b)
Start importing Assets/Low Poly Guns/Models/Guns/assault4/assault4.mat using Guid(a3de5fdd82f571f4eb16a3c2530b4303) Importer(815301076,1909f56bfc062723c751e8b465ee728b)  -> (artifact id: '0836122889af58e45703172e5723b019') in 0.184188 seconds
  Import took 0.187795 seconds .

========================================================================
Received Import Request.
  Time since last request: 0.000316 seconds.
  path: Assets/Low Poly Guns/Models/Guns/sniper1/sniper1.mat
  artifactKey: Guid(b2dfdf44d328a59449b16f2b9d82492c) Importer(815301076,1909f56bfc062723c751e8b465ee728b)
Start importing Assets/Low Poly Guns/Models/Guns/sniper1/sniper1.mat using Guid(b2dfdf44d328a59449b16f2b9d82492c) Importer(815301076,1909f56bfc062723c751e8b465ee728b)  -> (artifact id: '5cc0f39099a040a0ede634371f37db68') in 0.165695 seconds
  Import took 0.169402 seconds .

========================================================================
Received Import Request.
  Time since last request: 0.000193 seconds.
  path: Assets/Low Poly Guns/Models/Guns/pistol4/pistol4.mat
  artifactKey: Guid(afdf30d8614b11d41a6337e2484e3570) Importer(815301076,1909f56bfc062723c751e8b465ee728b)
Start importing Assets/Low Poly Guns/Models/Guns/pistol4/pistol4.mat using Guid(afdf30d8614b11d41a6337e2484e3570) Importer(815301076,1909f56bfc062723c751e8b465ee728b)  -> (artifact id: '3e2dc0e339783a50d6b48250617c364c') in 0.144926 seconds
  Import took 0.148170 seconds .

========================================================================
Received Import Request.
  Time since last request: 0.000220 seconds.
  path: Assets/Low Poly Guns/Models/Guns/sniper1/sniper1.fbx
  artifactKey: Guid(60d91f925d8c1e442bb6596dfb94ffff) Importer(815301076,1909f56bfc062723c751e8b465ee728b)
Start importing Assets/Low Poly Guns/Models/Guns/sniper1/sniper1.fbx using Guid(60d91f925d8c1e442bb6596dfb94ffff) Importer(815301076,1909f56bfc062723c751e8b465ee728b)  -> (artifact id: '8fa90f329f5693bd4a6751736bf09e26') in 0.032607 seconds
  Import took 0.043276 seconds .

========================================================================
Received Import Request.
  Time since last request: 0.000203 seconds.
  path: Assets/Low Poly Guns/Models/Guns/assault4/assault4.fbx
  artifactKey: Guid(ffb3f5f9531da764c906b0baf3285c62) Importer(815301076,1909f56bfc062723c751e8b465ee728b)
Start importing Assets/Low Poly Guns/Models/Guns/assault4/assault4.fbx using Guid(ffb3f5f9531da764c906b0baf3285c62) Importer(815301076,1909f56bfc062723c751e8b465ee728b)  -> (artifact id: '7c62c52ce61ee510466553a1c8125c33') in 0.030090 seconds
  Import took 0.044879 seconds .

========================================================================
Received Import Request.
  Time since last request: 0.000251 seconds.
  path: Assets/Low Poly Guns/Models/Guns/smg2/smg2.mat
  artifactKey: Guid(d05b83a5733b4ba469d3c1a5891d6f88) Importer(815301076,1909f56bfc062723c751e8b465ee728b)
Start importing Assets/Low Poly Guns/Models/Guns/smg2/smg2.mat using Guid(d05b83a5733b4ba469d3c1a5891d6f88) Importer(815301076,1909f56bfc062723c751e8b465ee728b)  -> (artifact id: '136e222b0706ff9fcbb5fa6fcc823324') in 0.163955 seconds
  Import took 0.167371 seconds .

========================================================================
Received Import Request.
  Time since last request: 0.000262 seconds.
  path: Assets/Low Poly Guns/Models/Guns/assault3/assault3.mat
  artifactKey: Guid(9a50065a1e4866b42946175d9a5f86b6) Importer(815301076,1909f56bfc062723c751e8b465ee728b)
Start importing Assets/Low Poly Guns/Models/Guns/assault3/assault3.mat using Guid(9a50065a1e4866b42946175d9a5f86b6) Importer(815301076,1909f56bfc062723c751e8b465ee728b)  -> (artifact id: '94397df97f5284cd933295147a2d3640') in 0.165441 seconds
  Import took 0.174895 seconds .

========================================================================
Received Import Request.
  Time since last request: 0.000203 seconds.
  path: Assets/Low Poly Guns/Models/Guns/assault3/assault3.fbx
  artifactKey: Guid(e525d5c90c0df01498dca09570cfb5ec) Importer(815301076,1909f56bfc062723c751e8b465ee728b)
Start importing Assets/Low Poly Guns/Models/Guns/assault3/assault3.fbx using Guid(e525d5c90c0df01498dca09570cfb5ec) Importer(815301076,1909f56bfc062723c751e8b465ee728b)  -> (artifact id: '2e8adb6ecff49ae45ba1e8114b96abf3') in 0.026113 seconds
  Import took 0.028692 seconds .

========================================================================
Received Import Request.
  Time since last request: 0.000224 seconds.
  path: Assets/Low Poly Guns/Models/Guns/smg1/smg1.fbx
  artifactKey: Guid(2cf10fa706c7a4d42b5927d8e730f4e2) Importer(815301076,1909f56bfc062723c751e8b465ee728b)
Start importing Assets/Low Poly Guns/Models/Guns/smg1/smg1.fbx using Guid(2cf10fa706c7a4d42b5927d8e730f4e2) Importer(815301076,1909f56bfc062723c751e8b465ee728b)  -> (artifact id: '3c037b58c41a31f6606b8073e5abf2d6') in 0.038632 seconds
  Import took 0.041727 seconds .

========================================================================
Received Import Request.
  Time since last request: 0.000194 seconds.
  path: Assets/Low Poly Guns/Models/Guns/pistol3/pistol3.fbx
  artifactKey: Guid(726e329e1719c8f42949342e6a5b42e3) Importer(815301076,1909f56bfc062723c751e8b465ee728b)
Start importing Assets/Low Poly Guns/Models/Guns/pistol3/pistol3.fbx using Guid(726e329e1719c8f42949342e6a5b42e3) Importer(815301076,1909f56bfc062723c751e8b465ee728b)  -> (artifact id: 'd6fbf77f1d4ff494ee086cbdc3a3c3a2') in 0.026589 seconds
  Import took 0.029685 seconds .

========================================================================
Received Import Request.
  Time since last request: 0.000219 seconds.
  path: Assets/Low Poly Guns/Models/Guns/pistol3/pistol3.mat
  artifactKey: Guid(41be456e0ecbed04dba9c27c3add980c) Importer(815301076,1909f56bfc062723c751e8b465ee728b)
Start importing Assets/Low Poly Guns/Models/Guns/pistol3/pistol3.mat using Guid(41be456e0ecbed04dba9c27c3add980c) Importer(815301076,1909f56bfc062723c751e8b465ee728b)  -> (artifact id: 'fc6bf12f0a1bdb6341437234fc13fb9c') in 0.161995 seconds
  Import took 0.165150 seconds .

========================================================================
Received Import Request.
  Time since last request: 0.000186 seconds.
  path: Assets/Low Poly Guns/Models/Guns/pistol4/pistol4.fbx
  artifactKey: Guid(ca1c64f7c147fb0479f9ef03e264a372) Importer(815301076,1909f56bfc062723c751e8b465ee728b)
Start importing Assets/Low Poly Guns/Models/Guns/pistol4/pistol4.fbx using Guid(ca1c64f7c147fb0479f9ef03e264a372) Importer(815301076,1909f56bfc062723c751e8b465ee728b)  -> (artifact id: '90419ef388a82793d293fa3561077f03') in 0.027601 seconds
  Import took 0.030611 seconds .

========================================================================
Received Import Request.
  Time since last request: 0.000246 seconds.
  path: Assets/Low Poly Guns/Models/Guns/assault2/assault2.mat
  artifactKey: Guid(35a5af17f562eb044a809af0526a562f) Importer(815301076,1909f56bfc062723c751e8b465ee728b)
Start importing Assets/Low Poly Guns/Models/Guns/assault2/assault2.mat using Guid(35a5af17f562eb044a809af0526a562f) Importer(815301076,1909f56bfc062723c751e8b465ee728b)  -> (artifact id: '38dede9f0ba94887de2a120671e6ce4d') in 0.201976 seconds
  Import took 0.205727 seconds .

========================================================================
Received Import Request.
  Time since last request: 0.000183 seconds.
  path: Assets/TextMesh Pro/Resources/Fonts & Materials/LiberationSans SDF.asset
  artifactKey: Guid(8f586378b4e144a9851e7b34d9b748ee) Importer(815301076,1909f56bfc062723c751e8b465ee728b)
Start importing Assets/TextMesh Pro/Resources/Fonts & Materials/LiberationSans SDF.asset using Guid(8f586378b4e144a9851e7b34d9b748ee) Importer(815301076,1909f56bfc062723c751e8b465ee728b)  -> (artifact id: '2d675d6d150af0a9d637af2dd4806f87') in 0.071610 seconds
  Import took 0.084971 seconds .

========================================================================
Received Import Request.
  Time since last request: 0.000208 seconds.
  path: Assets/Low Poly Guns/Models/Guns/shotgun2/shotgun2.mat
  artifactKey: Guid(052eb9367e604ac428a8b8c83f4584da) Importer(815301076,1909f56bfc062723c751e8b465ee728b)
Start importing Assets/Low Poly Guns/Models/Guns/shotgun2/shotgun2.mat using Guid(052eb9367e604ac428a8b8c83f4584da) Importer(815301076,1909f56bfc062723c751e8b465ee728b)  -> (artifact id: 'a86708dcc9a440d395f2d50db9161508') in 0.233012 seconds
  Import took 0.236355 seconds .

========================================================================
Received Import Request.
  Time since last request: 0.000187 seconds.
  path: Assets/Low Poly Guns/Models/Guns/shotgun2/shotgun2.fbx
  artifactKey: Guid(8b36fb41929fc22429f0083d817b8040) Importer(815301076,1909f56bfc062723c751e8b465ee728b)
Start importing Assets/Low Poly Guns/Models/Guns/shotgun2/shotgun2.fbx using Guid(8b36fb41929fc22429f0083d817b8040) Importer(815301076,1909f56bfc062723c751e8b465ee728b)  -> (artifact id: '13ac2c667c3cb09616a12737ae5115f3') in 0.028723 seconds
  Import took 0.031446 seconds .

========================================================================
Received Import Request.
  Time since last request: 0.000208 seconds.
  path: Assets/Low Poly Guns/Models/Guns/smg2/smg2.fbx
  artifactKey: Guid(a957639d15248134a9be03d5ae4fed7f) Importer(815301076,1909f56bfc062723c751e8b465ee728b)
Start importing Assets/Low Poly Guns/Models/Guns/smg2/smg2.fbx using Guid(a957639d15248134a9be03d5ae4fed7f) Importer(815301076,1909f56bfc062723c751e8b465ee728b)  -> (artifact id: '873139c5b95b660bdc00169f56b81c9d') in 0.028740 seconds
  Import took 0.031573 seconds .

========================================================================
Received Import Request.
  Time since last request: 0.000260 seconds.
  path: Assets/Low Poly Guns/Models/Guns/sniper2/sniper2.mat
  artifactKey: Guid(533eaf1384eb72d41bbf8a25b870c0f7) Importer(815301076,1909f56bfc062723c751e8b465ee728b)
Start importing Assets/Low Poly Guns/Models/Guns/sniper2/sniper2.mat using Guid(533eaf1384eb72d41bbf8a25b870c0f7) Importer(815301076,1909f56bfc062723c751e8b465ee728b)  -> (artifact id: 'e3eb46d425f62fab4f8c83f3ac81d9ad') in 0.154972 seconds
  Import took 0.159799 seconds .

========================================================================
Received Import Request.
  Time since last request: 0.000392 seconds.
  path: Assets/Low Poly Guns/Models/Guns/sniper2/sniper2.fbx
  artifactKey: Guid(c8573db8e30e916479a705831bd5040c) Importer(815301076,1909f56bfc062723c751e8b465ee728b)
Start importing Assets/Low Poly Guns/Models/Guns/sniper2/sniper2.fbx using Guid(c8573db8e30e916479a705831bd5040c) Importer(815301076,1909f56bfc062723c751e8b465ee728b)  -> (artifact id: '162783b922e03d93a6e2774118bf3566') in 0.028811 seconds
  Import took 0.032223 seconds .

========================================================================
Received Import Request.
  Time since last request: 0.000205 seconds.
  path: Assets/Low Poly Guns/Models/Guns/shotgun1/shotgun1.mat
  artifactKey: Guid(0c24ff3f078566f4d9d83ee8bd6a3f72) Importer(815301076,1909f56bfc062723c751e8b465ee728b)
Start importing Assets/Low Poly Guns/Models/Guns/shotgun1/shotgun1.mat using Guid(0c24ff3f078566f4d9d83ee8bd6a3f72) Importer(815301076,1909f56bfc062723c751e8b465ee728b)  -> (artifact id: '0663520c33ccd5ca077abfec4355d408') in 0.173189 seconds
  Import took 0.175760 seconds .

========================================================================
Received Import Request.
  Time since last request: 0.000260 seconds.
  path: Assets/Low Poly Guns/Models/Guns/smg1/smg1.mat
  artifactKey: Guid(42ff7de5af3ca404cbf8813deacd8dbb) Importer(815301076,1909f56bfc062723c751e8b465ee728b)
Start importing Assets/Low Poly Guns/Models/Guns/smg1/smg1.mat using Guid(42ff7de5af3ca404cbf8813deacd8dbb) Importer(815301076,1909f56bfc062723c751e8b465ee728b)  -> (artifact id: 'ff875227659f989e0d13f6d54bafb2de') in 0.147256 seconds
  Import took 0.150528 seconds .

========================================================================
Received Import Request.
  Time since last request: 0.000305 seconds.
  path: Assets/Low Poly Guns/Models/Guns/pistol2/pistol2.mat
  artifactKey: Guid(7c16b6e19b642c247ba765631635ff9e) Importer(815301076,1909f56bfc062723c751e8b465ee728b)
Start importing Assets/Low Poly Guns/Models/Guns/pistol2/pistol2.mat using Guid(7c16b6e19b642c247ba765631635ff9e) Importer(815301076,1909f56bfc062723c751e8b465ee728b)  -> (artifact id: '84b76aaaac633e80cbdb98ef664982ec') in 0.050403 seconds
  Import took 0.053676 seconds .

========================================================================
Received Import Request.
  Time since last request: 0.955879 seconds.
  path: Assets/Prefabs/Explosion.prefab
  artifactKey: Guid(29583ade75c4cfa44bf7ab4ce8cadd83) Importer(815301076,1909f56bfc062723c751e8b465ee728b)
Start importing Assets/Prefabs/Explosion.prefab using Guid(29583ade75c4cfa44bf7ab4ce8cadd83) Importer(815301076,1909f56bfc062723c751e8b465ee728b)  -> (artifact id: 'badb65499f1c4c07d05ddb9fe8548bd0') in 0.007197 seconds
  Import took 0.010967 seconds .

========================================================================
Received Prepare
Registering precompiled user dll's ...
Registered in 0.003131 seconds.
Begin MonoManager ReloadAssembly
Native extension for WindowsStandalone target not found
Native extension for WebGL target not found
Refreshing native plugins compatible for Editor in 0.36 ms, found 2 plugins.
Preloading 0 native plugins for Editor in 0.00 ms.
Mono: successfully reloaded assembly
- Completed reload, in  0.845 seconds
Platform modules already initialized, skipping
Switching build target platform(19) subTarget(0) extendedPlatform(0) -> platform(13) subTarget(524288) extendedPlatform(0)
Refreshing native plugins compatible for Editor in 0.36 ms, found 2 plugins.
Preloading 0 native plugins for Editor in 0.00 ms.
Unloading 1831 Unused Serialized files (Serialized files now loaded: 0)
System memory in use before: 100.5 MB.
System memory in use after: 100.5 MB.

Unloading 16 unused Assets to reduce memory usage. Loaded Objects now: 2384.
Total: 2.084600 ms (FindLiveObjects: 0.169700 ms CreateObjectMapping: 0.055200 ms MarkObjects: 1.802600 ms  DeleteObjects: 0.056100 ms)

AssetImportParameters requested are different than current active one (requested -> active):
  custom:graphics/normal-map-encoding: 01000000000000000000000000000000 -> 02000000000000000000000000000000
========================================================================
Received Import Request.
  Time since last request: 101.538340 seconds.
  path: Assets/Prefabs/Explosion.prefab
  artifactKey: Guid(29583ade75c4cfa44bf7ab4ce8cadd83) Importer(815301076,1909f56bfc062723c751e8b465ee728b)
Start importing Assets/Prefabs/Explosion.prefab using Guid(29583ade75c4cfa44bf7ab4ce8cadd83) Importer(815301076,1909f56bfc062723c751e8b465ee728b)  -> (artifact id: 'a60d2a25e0ac523b75ddd80368b041ec') in 0.020819 seconds
  Import took 0.039074 seconds .

========================================================================
Received Import Request.
  Time since last request: 7.842652 seconds.
  path: Assets/Prefabs/Explosion.prefab
  artifactKey: Guid(29583ade75c4cfa44bf7ab4ce8cadd83) Importer(815301076,1909f56bfc062723c751e8b465ee728b)
Start importing Assets/Prefabs/Explosion.prefab using Guid(29583ade75c4cfa44bf7ab4ce8cadd83) Importer(815301076,1909f56bfc062723c751e8b465ee728b)  -> (artifact id: 'a137c4f39a836b027666c3ddc08a44d7') in 0.003687 seconds
  Import took 0.010567 seconds .

========================================================================
Received Import Request.
  Time since last request: 3.937110 seconds.
  path: Assets/Prefabs/Explosion.prefab
  artifactKey: Guid(29583ade75c4cfa44bf7ab4ce8cadd83) Importer(815301076,1909f56bfc062723c751e8b465ee728b)
Start importing Assets/Prefabs/Explosion.prefab using Guid(29583ade75c4cfa44bf7ab4ce8cadd83) Importer(815301076,1909f56bfc062723c751e8b465ee728b)  -> (artifact id: '41026dfff35a35dcf9e98598220d0a29') in 0.003594 seconds
  Import took 0.006552 seconds .

========================================================================
Received Import Request.
  Time since last request: 0.683400 seconds.
  path: Assets/Prefabs/Explosion.prefab
  artifactKey: Guid(29583ade75c4cfa44bf7ab4ce8cadd83) Importer(815301076,1909f56bfc062723c751e8b465ee728b)
Start importing Assets/Prefabs/Explosion.prefab using Guid(29583ade75c4cfa44bf7ab4ce8cadd83) Importer(815301076,1909f56bfc062723c751e8b465ee728b)  -> (artifact id: '566b0e494d059bec6082d06ff3c5cd73') in 0.003637 seconds
  Import took 0.014472 seconds .

========================================================================
Received Import Request.
  Time since last request: 6.173908 seconds.
  path: Assets/Prefabs/Explosion.prefab
  artifactKey: Guid(29583ade75c4cfa44bf7ab4ce8cadd83) Importer(815301076,1909f56bfc062723c751e8b465ee728b)
Start importing Assets/Prefabs/Explosion.prefab using Guid(29583ade75c4cfa44bf7ab4ce8cadd83) Importer(815301076,1909f56bfc062723c751e8b465ee728b)  -> (artifact id: '8760410f6e4792e39ed3a599116bfcd3') in 0.003652 seconds
  Import took 0.006616 seconds .

========================================================================
Received Import Request.
  Time since last request: 3.942632 seconds.
  path: Assets/Prefabs/Explosion.prefab
  artifactKey: Guid(29583ade75c4cfa44bf7ab4ce8cadd83) Importer(815301076,1909f56bfc062723c751e8b465ee728b)
Start importing Assets/Prefabs/Explosion.prefab using Guid(29583ade75c4cfa44bf7ab4ce8cadd83) Importer(815301076,1909f56bfc062723c751e8b465ee728b)  -> (artifact id: '46cbd3685c4a21968fe1f51153e720ba') in 0.004156 seconds
  Import took 0.046171 seconds .

========================================================================
Received Import Request.
  Time since last request: 3.115756 seconds.
  path: Assets/Prefabs/Explosion.prefab
  artifactKey: Guid(29583ade75c4cfa44bf7ab4ce8cadd83) Importer(815301076,1909f56bfc062723c751e8b465ee728b)
Start importing Assets/Prefabs/Explosion.prefab using Guid(29583ade75c4cfa44bf7ab4ce8cadd83) Importer(815301076,1909f56bfc062723c751e8b465ee728b)  -> (artifact id: '438aaadd9f09f4a2810a586f55d631b6') in 0.003451 seconds
  Import took 0.006245 seconds .

========================================================================
Received Import Request.
  Time since last request: 19.847441 seconds.
  path: Assets/Prefabs/Explosion.prefab
  artifactKey: Guid(29583ade75c4cfa44bf7ab4ce8cadd83) Importer(815301076,1909f56bfc062723c751e8b465ee728b)
Start importing Assets/Prefabs/Explosion.prefab using Guid(29583ade75c4cfa44bf7ab4ce8cadd83) Importer(815301076,1909f56bfc062723c751e8b465ee728b)  -> (artifact id: '10dae64010268fc5c5aff573a96292d5') in 0.003470 seconds
  Import took 0.006494 seconds .

========================================================================
Received Import Request.
  Time since last request: 1.847567 seconds.
  path: Assets/Prefabs/Explosion.prefab
  artifactKey: Guid(29583ade75c4cfa44bf7ab4ce8cadd83) Importer(815301076,1909f56bfc062723c751e8b465ee728b)
Start importing Assets/Prefabs/Explosion.prefab using Guid(29583ade75c4cfa44bf7ab4ce8cadd83) Importer(815301076,1909f56bfc062723c751e8b465ee728b)  -> (artifact id: 'c89e4406f6fa3d915d6f542f9f2583a8') in 0.003683 seconds
  Import took 0.020630 seconds .

========================================================================
Received Import Request.
  Time since last request: 19.967013 seconds.
  path: Assets/Prefabs/Explosion.prefab
  artifactKey: Guid(29583ade75c4cfa44bf7ab4ce8cadd83) Importer(815301076,1909f56bfc062723c751e8b465ee728b)
Start importing Assets/Prefabs/Explosion.prefab using Guid(29583ade75c4cfa44bf7ab4ce8cadd83) Importer(815301076,1909f56bfc062723c751e8b465ee728b)  -> (artifact id: '24d402072580677eb544eb9ad3864ee3') in 0.004332 seconds
  Import took 0.082290 seconds .

========================================================================
Received Import Request.
  Time since last request: 11.107574 seconds.
  path: Assets/Prefabs/Explosion.prefab
  artifactKey: Guid(29583ade75c4cfa44bf7ab4ce8cadd83) Importer(815301076,1909f56bfc062723c751e8b465ee728b)
Start importing Assets/Prefabs/Explosion.prefab using Guid(29583ade75c4cfa44bf7ab4ce8cadd83) Importer(815301076,1909f56bfc062723c751e8b465ee728b)  -> (artifact id: 'e46a67fa6c270c8c88e34eda5b09aca8') in 0.003447 seconds
  Import took 0.006448 seconds .

========================================================================
Received Import Request.
  Time since last request: 5.060369 seconds.
  path: Assets/Prefabs/Explosion.prefab
  artifactKey: Guid(29583ade75c4cfa44bf7ab4ce8cadd83) Importer(815301076,1909f56bfc062723c751e8b465ee728b)
Start importing Assets/Prefabs/Explosion.prefab using Guid(29583ade75c4cfa44bf7ab4ce8cadd83) Importer(815301076,1909f56bfc062723c751e8b465ee728b)  -> (artifact id: '15395f6c6bacc7a51cdf3939932c4328') in 0.003470 seconds
  Import took 0.006430 seconds .

========================================================================
Received Import Request.
  Time since last request: 36.027302 seconds.
  path: Assets/Prefabs/Explosion.prefab
  artifactKey: Guid(29583ade75c4cfa44bf7ab4ce8cadd83) Importer(815301076,1909f56bfc062723c751e8b465ee728b)
Start importing Assets/Prefabs/Explosion.prefab using Guid(29583ade75c4cfa44bf7ab4ce8cadd83) Importer(815301076,1909f56bfc062723c751e8b465ee728b)  -> (artifact id: 'ecd5fb9fbc884050f2e1a096fc17a454') in 0.003600 seconds
  Import took 0.007040 seconds .

========================================================================
Received Import Request.
  Time since last request: 57.256034 seconds.
  path: Assets/Materials/hit.mat
  artifactKey: Guid(a3d0f3c4b6cf2d544bf28446f60e1436) Importer(815301076,1909f56bfc062723c751e8b465ee728b)
Start importing Assets/Materials/hit.mat using Guid(a3d0f3c4b6cf2d544bf28446f60e1436) Importer(815301076,1909f56bfc062723c751e8b465ee728b)  -> (artifact id: '544e67a2e33e9e6bf07e4a01fcf4a5f0') in 0.042099 seconds
  Import took 0.051480 seconds .

========================================================================
Received Prepare
Registering precompiled user dll's ...
Registered in 0.003210 seconds.
Begin MonoManager ReloadAssembly
Native extension for WindowsStandalone target not found
Native extension for WebGL target not found
Refreshing native plugins compatible for Editor in 0.36 ms, found 2 plugins.
Preloading 0 native plugins for Editor in 0.00 ms.
Mono: successfully reloaded assembly
- Completed reload, in  0.828 seconds
Platform modules already initialized, skipping
Switching build target platform(19) subTarget(0) extendedPlatform(0) -> platform(13) subTarget(524288) extendedPlatform(0)
Refreshing native plugins compatible for Editor in 0.37 ms, found 2 plugins.
Preloading 0 native plugins for Editor in 0.00 ms.
Unloading 1831 Unused Serialized files (Serialized files now loaded: 0)
System memory in use before: 100.5 MB.
System memory in use after: 100.5 MB.

Unloading 16 unused Assets to reduce memory usage. Loaded Objects now: 2389.
Total: 1.769900 ms (FindLiveObjects: 0.150000 ms CreateObjectMapping: 0.052500 ms MarkObjects: 1.512700 ms  DeleteObjects: 0.054100 ms)

AssetImportParameters requested are different than current active one (requested -> active):
  custom:graphics/normal-map-encoding: 01000000000000000000000000000000 -> 02000000000000000000000000000000
========================================================================
Received Prepare
Registering precompiled user dll's ...
Registered in 0.003152 seconds.
Begin MonoManager ReloadAssembly
Native extension for WindowsStandalone target not found
Native extension for WebGL target not found
Refreshing native plugins compatible for Editor in 0.37 ms, found 2 plugins.
Preloading 0 native plugins for Editor in 0.00 ms.
Mono: successfully reloaded assembly
- Completed reload, in  0.843 seconds
Platform modules already initialized, skipping
Switching build target platform(19) subTarget(0) extendedPlatform(0) -> platform(13) subTarget(524288) extendedPlatform(0)
Refreshing native plugins compatible for Editor in 0.48 ms, found 2 plugins.
Preloading 0 native plugins for Editor in 0.00 ms.
Unloading 1831 Unused Serialized files (Serialized files now loaded: 0)
System memory in use before: 100.5 MB.
System memory in use after: 100.6 MB.

Unloading 16 unused Assets to reduce memory usage. Loaded Objects now: 2393.
Total: 2.298000 ms (FindLiveObjects: 0.202700 ms CreateObjectMapping: 0.071300 ms MarkObjects: 1.957600 ms  DeleteObjects: 0.065400 ms)

AssetImportParameters requested are different than current active one (requested -> active):
  custom:graphics/normal-map-encoding: 01000000000000000000000000000000 -> 02000000000000000000000000000000
========================================================================
Received Prepare
Registering precompiled user dll's ...
Registered in 0.002901 seconds.
Begin MonoManager ReloadAssembly
Native extension for WindowsStandalone target not found
Native extension for WebGL target not found
Refreshing native plugins compatible for Editor in 0.40 ms, found 2 plugins.
Preloading 0 native plugins for Editor in 0.00 ms.
Mono: successfully reloaded assembly
- Completed reload, in  0.888 seconds
Platform modules already initialized, skipping
Switching build target platform(19) subTarget(0) extendedPlatform(0) -> platform(13) subTarget(524288) extendedPlatform(0)
Refreshing native plugins compatible for Editor in 0.41 ms, found 2 plugins.
Preloading 0 native plugins for Editor in 0.00 ms.
Unloading 1831 Unused Serialized files (Serialized files now loaded: 0)
System memory in use before: 100.5 MB.
System memory in use after: 100.6 MB.

Unloading 16 unused Assets to reduce memory usage. Loaded Objects now: 2397.
Total: 1.948100 ms (FindLiveObjects: 0.152800 ms CreateObjectMapping: 0.053300 ms MarkObjects: 1.679300 ms  DeleteObjects: 0.062000 ms)

AssetImportParameters requested are different than current active one (requested -> active):
  custom:graphics/normal-map-encoding: 01000000000000000000000000000000 -> 02000000000000000000000000000000
========================================================================
Received Prepare
Registering precompiled user dll's ...
Registered in 0.002897 seconds.
Begin MonoManager ReloadAssembly
Native extension for WindowsStandalone target not found
Native extension for WebGL target not found
Refreshing native plugins compatible for Editor in 0.39 ms, found 2 plugins.
Preloading 0 native plugins for Editor in 0.00 ms.
Mono: successfully reloaded assembly
- Completed reload, in  0.862 seconds
Platform modules already initialized, skipping
Switching build target platform(19) subTarget(0) extendedPlatform(0) -> platform(13) subTarget(524288) extendedPlatform(0)
Refreshing native plugins compatible for Editor in 0.42 ms, found 2 plugins.
Preloading 0 native plugins for Editor in 0.00 ms.
Unloading 1831 Unused Serialized files (Serialized files now loaded: 0)
System memory in use before: 100.5 MB.
System memory in use after: 100.6 MB.

Unloading 16 unused Assets to reduce memory usage. Loaded Objects now: 2401.
Total: 1.954300 ms (FindLiveObjects: 0.215100 ms CreateObjectMapping: 0.073800 ms MarkObjects: 1.608000 ms  DeleteObjects: 0.056700 ms)

AssetImportParameters requested are different than current active one (requested -> active):
  custom:graphics/normal-map-encoding: 01000000000000000000000000000000 -> 02000000000000000000000000000000
========================================================================
Received Prepare
Registering precompiled user dll's ...
Registered in 0.002892 seconds.
Begin MonoManager ReloadAssembly
Native extension for WindowsStandalone target not found
Native extension for WebGL target not found
Refreshing native plugins compatible for Editor in 0.36 ms, found 2 plugins.
Preloading 0 native plugins for Editor in 0.00 ms.
Mono: successfully reloaded assembly
- Completed reload, in  0.862 seconds
Platform modules already initialized, skipping
Switching build target platform(19) subTarget(0) extendedPlatform(0) -> platform(13) subTarget(524288) extendedPlatform(0)
Refreshing native plugins compatible for Editor in 0.40 ms, found 2 plugins.
Preloading 0 native plugins for Editor in 0.00 ms.
Unloading 1831 Unused Serialized files (Serialized files now loaded: 0)
System memory in use before: 100.5 MB.
System memory in use after: 100.6 MB.

Unloading 16 unused Assets to reduce memory usage. Loaded Objects now: 2405.
Total: 1.730300 ms (FindLiveObjects: 0.131800 ms CreateObjectMapping: 0.044600 ms MarkObjects: 1.501700 ms  DeleteObjects: 0.051500 ms)

AssetImportParameters requested are different than current active one (requested -> active):
  custom:graphics/normal-map-encoding: 01000000000000000000000000000000 -> 02000000000000000000000000000000
========================================================================
Received Prepare
Registering precompiled user dll's ...
Registered in 0.002936 seconds.
Begin MonoManager ReloadAssembly
Native extension for WindowsStandalone target not found
Native extension for WebGL target not found
Refreshing native plugins compatible for Editor in 0.41 ms, found 2 plugins.
Preloading 0 native plugins for Editor in 0.00 ms.
Mono: successfully reloaded assembly
- Completed reload, in  0.902 seconds
Platform modules already initialized, skipping
Switching build target platform(19) subTarget(0) extendedPlatform(0) -> platform(13) subTarget(524288) extendedPlatform(0)
Refreshing native plugins compatible for Editor in 0.43 ms, found 2 plugins.
Preloading 0 native plugins for Editor in 0.00 ms.
Unloading 1831 Unused Serialized files (Serialized files now loaded: 0)
System memory in use before: 100.5 MB.
System memory in use after: 100.6 MB.

Unloading 16 unused Assets to reduce memory usage. Loaded Objects now: 2409.
Total: 1.776900 ms (FindLiveObjects: 0.168500 ms CreateObjectMapping: 0.058100 ms MarkObjects: 1.491000 ms  DeleteObjects: 0.058400 ms)

AssetImportParameters requested are different than current active one (requested -> active):
  custom:graphics/normal-map-encoding: 01000000000000000000000000000000 -> 02000000000000000000000000000000
========================================================================
Received Prepare
Registering precompiled user dll's ...
Registered in 0.002898 seconds.
Begin MonoManager ReloadAssembly
Native extension for WindowsStandalone target not found
Native extension for WebGL target not found
Refreshing native plugins compatible for Editor in 0.38 ms, found 2 plugins.
Preloading 0 native plugins for Editor in 0.00 ms.
Mono: successfully reloaded assembly
- Completed reload, in  0.856 seconds
Platform modules already initialized, skipping
Switching build target platform(19) subTarget(0) extendedPlatform(0) -> platform(13) subTarget(524288) extendedPlatform(0)
Refreshing native plugins compatible for Editor in 0.57 ms, found 2 plugins.
Preloading 0 native plugins for Editor in 0.00 ms.
Unloading 1831 Unused Serialized files (Serialized files now loaded: 0)
System memory in use before: 100.5 MB.
System memory in use after: 100.6 MB.

Unloading 16 unused Assets to reduce memory usage. Loaded Objects now: 2413.
Total: 1.906700 ms (FindLiveObjects: 0.167700 ms CreateObjectMapping: 0.057000 ms MarkObjects: 1.621100 ms  DeleteObjects: 0.060100 ms)

AssetImportParameters requested are different than current active one (requested -> active):
  custom:graphics/normal-map-encoding: 01000000000000000000000000000000 -> 02000000000000000000000000000000
========================================================================
Received Prepare
Registering precompiled user dll's ...
Registered in 0.002900 seconds.
Begin MonoManager ReloadAssembly
Native extension for WindowsStandalone target not found
Native extension for WebGL target not found
Refreshing native plugins compatible for Editor in 0.48 ms, found 2 plugins.
Preloading 0 native plugins for Editor in 0.00 ms.
Mono: successfully reloaded assembly
- Completed reload, in  0.856 seconds
Platform modules already initialized, skipping
Switching build target platform(19) subTarget(0) extendedPlatform(0) -> platform(13) subTarget(524288) extendedPlatform(0)
Refreshing native plugins compatible for Editor in 0.36 ms, found 2 plugins.
Preloading 0 native plugins for Editor in 0.00 ms.
Unloading 1831 Unused Serialized files (Serialized files now loaded: 0)
System memory in use before: 100.5 MB.
System memory in use after: 100.6 MB.

Unloading 16 unused Assets to reduce memory usage. Loaded Objects now: 2417.
Total: 1.729600 ms (FindLiveObjects: 0.150600 ms CreateObjectMapping: 0.060000 ms MarkObjects: 1.467600 ms  DeleteObjects: 0.050800 ms)

AssetImportParameters requested are different than current active one (requested -> active):
  custom:graphics/normal-map-encoding: 01000000000000000000000000000000 -> 02000000000000000000000000000000
========================================================================
Received Prepare
Registering precompiled user dll's ...
Registered in 0.002878 seconds.
Begin MonoManager ReloadAssembly
Native extension for WindowsStandalone target not found
Native extension for WebGL target not found
Refreshing native plugins compatible for Editor in 0.36 ms, found 2 plugins.
Preloading 0 native plugins for Editor in 0.00 ms.
Mono: successfully reloaded assembly
- Completed reload, in  0.841 seconds
Platform modules already initialized, skipping
Switching build target platform(19) subTarget(0) extendedPlatform(0) -> platform(13) subTarget(524288) extendedPlatform(0)
Refreshing native plugins compatible for Editor in 0.37 ms, found 2 plugins.
Preloading 0 native plugins for Editor in 0.00 ms.
Unloading 1831 Unused Serialized files (Serialized files now loaded: 0)
System memory in use before: 100.5 MB.
System memory in use after: 100.6 MB.

Unloading 16 unused Assets to reduce memory usage. Loaded Objects now: 2421.
Total: 2.531000 ms (FindLiveObjects: 0.227400 ms CreateObjectMapping: 0.073700 ms MarkObjects: 2.135100 ms  DeleteObjects: 0.093900 ms)

AssetImportParameters requested are different than current active one (requested -> active):
  custom:graphics/normal-map-encoding: 01000000000000000000000000000000 -> 02000000000000000000000000000000
========================================================================
Received Prepare
Registering precompiled user dll's ...
Registered in 0.002898 seconds.
Begin MonoManager ReloadAssembly
Native extension for WindowsStandalone target not found
Native extension for WebGL target not found
Refreshing native plugins compatible for Editor in 0.39 ms, found 2 plugins.
Preloading 0 native plugins for Editor in 0.00 ms.
Mono: successfully reloaded assembly
- Completed reload, in  0.908 seconds
Platform modules already initialized, skipping
Switching build target platform(19) subTarget(0) extendedPlatform(0) -> platform(13) subTarget(524288) extendedPlatform(0)
Refreshing native plugins compatible for Editor in 0.37 ms, found 2 plugins.
Preloading 0 native plugins for Editor in 0.00 ms.
Unloading 1831 Unused Serialized files (Serialized files now loaded: 0)
System memory in use before: 100.5 MB.
System memory in use after: 100.6 MB.

Unloading 16 unused Assets to reduce memory usage. Loaded Objects now: 2425.
Total: 1.994400 ms (FindLiveObjects: 0.189400 ms CreateObjectMapping: 0.071700 ms MarkObjects: 1.675700 ms  DeleteObjects: 0.057100 ms)

AssetImportParameters requested are different than current active one (requested -> active):
  custom:graphics/normal-map-encoding: 01000000000000000000000000000000 -> 02000000000000000000000000000000
========================================================================
Received Prepare
Registering precompiled user dll's ...
Registered in 0.002853 seconds.
Begin MonoManager ReloadAssembly
Native extension for WindowsStandalone target not found
Native extension for WebGL target not found
Refreshing native plugins compatible for Editor in 0.53 ms, found 2 plugins.
Preloading 0 native plugins for Editor in 0.00 ms.
Mono: successfully reloaded assembly
- Completed reload, in  0.922 seconds
Platform modules already initialized, skipping
Switching build target platform(19) subTarget(0) extendedPlatform(0) -> platform(13) subTarget(524288) extendedPlatform(0)
Refreshing native plugins compatible for Editor in 0.44 ms, found 2 plugins.
Preloading 0 native plugins for Editor in 0.00 ms.
Unloading 1831 Unused Serialized files (Serialized files now loaded: 0)
System memory in use before: 100.6 MB.
System memory in use after: 100.6 MB.

Unloading 16 unused Assets to reduce memory usage. Loaded Objects now: 2429.
Total: 1.905100 ms (FindLiveObjects: 0.187600 ms CreateObjectMapping: 0.066300 ms MarkObjects: 1.593900 ms  DeleteObjects: 0.056500 ms)

AssetImportParameters requested are different than current active one (requested -> active):
  custom:graphics/normal-map-encoding: 01000000000000000000000000000000 -> 02000000000000000000000000000000
========================================================================
Received Prepare
Registering precompiled user dll's ...
Registered in 0.003629 seconds.
Begin MonoManager ReloadAssembly
Native extension for WindowsStandalone target not found
Native extension for WebGL target not found
Refreshing native plugins compatible for Editor in 0.36 ms, found 2 plugins.
Preloading 0 native plugins for Editor in 0.00 ms.
Mono: successfully reloaded assembly
- Completed reload, in  0.840 seconds
Platform modules already initialized, skipping
Switching build target platform(19) subTarget(0) extendedPlatform(0) -> platform(13) subTarget(524288) extendedPlatform(0)
Refreshing native plugins compatible for Editor in 0.35 ms, found 2 plugins.
Preloading 0 native plugins for Editor in 0.00 ms.
Unloading 1831 Unused Serialized files (Serialized files now loaded: 0)
System memory in use before: 100.5 MB.
System memory in use after: 100.6 MB.

Unloading 16 unused Assets to reduce memory usage. Loaded Objects now: 2433.
Total: 2.269600 ms (FindLiveObjects: 0.147500 ms CreateObjectMapping: 0.053300 ms MarkObjects: 1.992000 ms  DeleteObjects: 0.076000 ms)

AssetImportParameters requested are different than current active one (requested -> active):
  custom:graphics/normal-map-encoding: 01000000000000000000000000000000 -> 02000000000000000000000000000000
========================================================================
Received Import Request.
  Time since last request: 5994.867941 seconds.
  path: Assets/Animations/pistol2-shoot.anim
  artifactKey: Guid(fd53ffebe7d2f9847af672d85c403dbc) Importer(815301076,1909f56bfc062723c751e8b465ee728b)
Start importing Assets/Animations/pistol2-shoot.anim using Guid(fd53ffebe7d2f9847af672d85c403dbc) Importer(815301076,1909f56bfc062723c751e8b465ee728b)  -> (artifact id: '6416e855b78119e2909a5f0f2bff015a') in 0.202825 seconds
  Import took 0.264524 seconds .

========================================================================
Received Import Request.
  Time since last request: 4.705804 seconds.
  path: Assets/Animations/pistol2-shoot.anim
  artifactKey: Guid(fd53ffebe7d2f9847af672d85c403dbc) Importer(815301076,1909f56bfc062723c751e8b465ee728b)
Start importing Assets/Animations/pistol2-shoot.anim using Guid(fd53ffebe7d2f9847af672d85c403dbc) Importer(815301076,1909f56bfc062723c751e8b465ee728b)  -> (artifact id: '481dddb49ef560b1c5e945e7ffb2ea74') in 0.002852 seconds
  Import took 0.013221 seconds .

========================================================================
Received Import Request.
  Time since last request: 2.416234 seconds.
  path: Assets/Animations/pistol2.controller
  artifactKey: Guid(1c669446640fa5442b6d047317e0419e) Importer(815301076,1909f56bfc062723c751e8b465ee728b)
Start importing Assets/Animations/pistol2.controller using Guid(1c669446640fa5442b6d047317e0419e) Importer(815301076,1909f56bfc062723c751e8b465ee728b)  -> (artifact id: 'e4158bbb9cdfcc57b9d22d495eeb2754') in 0.023100 seconds
  Import took 0.025877 seconds .

========================================================================
Received Import Request.
  Time since last request: 1991.128285 seconds.
  path: Assets/Scripts/Ammo.cs
  artifactKey: Guid(aea7fe433afbcaa4bbf6c61221985c56) Importer(815301076,1909f56bfc062723c751e8b465ee728b)
Start importing Assets/Scripts/Ammo.cs using Guid(aea7fe433afbcaa4bbf6c61221985c56) Importer(815301076,1909f56bfc062723c751e8b465ee728b)  -> (artifact id: 'd0083e3760f431717d8dea7dacc641c2') in 0.009198 seconds
  Import took 0.021053 seconds .

========================================================================
Received Prepare
Registering precompiled user dll's ...
Registered in 0.003095 seconds.
Begin MonoManager ReloadAssembly
Native extension for WindowsStandalone target not found
Native extension for WebGL target not found
Refreshing native plugins compatible for Editor in 0.42 ms, found 2 plugins.
Preloading 0 native plugins for Editor in 0.00 ms.
Mono: successfully reloaded assembly
- Completed reload, in  0.966 seconds
Platform modules already initialized, skipping
Switching build target platform(19) subTarget(0) extendedPlatform(0) -> platform(13) subTarget(524288) extendedPlatform(0)
Refreshing native plugins compatible for Editor in 0.44 ms, found 2 plugins.
Preloading 0 native plugins for Editor in 0.00 ms.
Unloading 1832 Unused Serialized files (Serialized files now loaded: 0)
System memory in use before: 100.6 MB.
System memory in use after: 100.7 MB.

Unloading 16 unused Assets to reduce memory usage. Loaded Objects now: 2438.
Total: 1.829900 ms (FindLiveObjects: 0.172500 ms CreateObjectMapping: 0.054300 ms MarkObjects: 1.524800 ms  DeleteObjects: 0.077400 ms)

AssetImportParameters requested are different than current active one (requested -> active):
  custom:graphics/normal-map-encoding: 01000000000000000000000000000000 -> 02000000000000000000000000000000
========================================================================
Received Prepare
Registering precompiled user dll's ...
Registered in 0.003439 seconds.
Begin MonoManager ReloadAssembly
Native extension for WindowsStandalone target not found
Native extension for WebGL target not found
Refreshing native plugins compatible for Editor in 0.45 ms, found 2 plugins.
Preloading 0 native plugins for Editor in 0.00 ms.
Mono: successfully reloaded assembly
- Completed reload, in  0.855 seconds
Platform modules already initialized, skipping
Switching build target platform(19) subTarget(0) extendedPlatform(0) -> platform(13) subTarget(524288) extendedPlatform(0)
Refreshing native plugins compatible for Editor in 0.57 ms, found 2 plugins.
Preloading 0 native plugins for Editor in 0.00 ms.
Unloading 1832 Unused Serialized files (Serialized files now loaded: 0)
System memory in use before: 100.6 MB.
System memory in use after: 100.7 MB.

Unloading 16 unused Assets to reduce memory usage. Loaded Objects now: 2442.
Total: 1.941900 ms (FindLiveObjects: 0.165000 ms CreateObjectMapping: 0.055000 ms MarkObjects: 1.654100 ms  DeleteObjects: 0.066800 ms)

AssetImportParameters requested are different than current active one (requested -> active):
  custom:graphics/normal-map-encoding: 01000000000000000000000000000000 -> 02000000000000000000000000000000
========================================================================
Received Prepare
Registering precompiled user dll's ...
Registered in 0.002688 seconds.
Begin MonoManager ReloadAssembly
Native extension for WindowsStandalone target not found
Native extension for WebGL target not found
Refreshing native plugins compatible for Editor in 0.39 ms, found 2 plugins.
Preloading 0 native plugins for Editor in 0.00 ms.
Mono: successfully reloaded assembly
- Completed reload, in  0.877 seconds
Platform modules already initialized, skipping
Switching build target platform(19) subTarget(0) extendedPlatform(0) -> platform(13) subTarget(524288) extendedPlatform(0)
Refreshing native plugins compatible for Editor in 0.37 ms, found 2 plugins.
Preloading 0 native plugins for Editor in 0.00 ms.
Unloading 1832 Unused Serialized files (Serialized files now loaded: 0)
System memory in use before: 100.6 MB.
System memory in use after: 100.7 MB.

Unloading 16 unused Assets to reduce memory usage. Loaded Objects now: 2446.
Total: 1.726900 ms (FindLiveObjects: 0.141700 ms CreateObjectMapping: 0.048600 ms MarkObjects: 1.477900 ms  DeleteObjects: 0.058100 ms)

AssetImportParameters requested are different than current active one (requested -> active):
  custom:graphics/normal-map-encoding: 01000000000000000000000000000000 -> 02000000000000000000000000000000
========================================================================
Received Prepare
Registering precompiled user dll's ...
Registered in 0.002929 seconds.
Begin MonoManager ReloadAssembly
Native extension for WindowsStandalone target not found
Native extension for WebGL target not found
Refreshing native plugins compatible for Editor in 0.37 ms, found 2 plugins.
Preloading 0 native plugins for Editor in 0.00 ms.
Mono: successfully reloaded assembly
- Completed reload, in  0.827 seconds
Platform modules already initialized, skipping
Switching build target platform(19) subTarget(0) extendedPlatform(0) -> platform(13) subTarget(524288) extendedPlatform(0)
Refreshing native plugins compatible for Editor in 0.43 ms, found 2 plugins.
Preloading 0 native plugins for Editor in 0.00 ms.
Unloading 1832 Unused Serialized files (Serialized files now loaded: 0)
System memory in use before: 100.6 MB.
System memory in use after: 100.7 MB.

Unloading 16 unused Assets to reduce memory usage. Loaded Objects now: 2450.
Total: 1.861400 ms (FindLiveObjects: 0.145500 ms CreateObjectMapping: 0.045800 ms MarkObjects: 1.607600 ms  DeleteObjects: 0.061800 ms)

AssetImportParameters requested are different than current active one (requested -> active):
  custom:graphics/normal-map-encoding: 01000000000000000000000000000000 -> 02000000000000000000000000000000
========================================================================
Received Prepare
Registering precompiled user dll's ...
Registered in 0.003136 seconds.
Begin MonoManager ReloadAssembly
Native extension for WindowsStandalone target not found
Native extension for WebGL target not found
Refreshing native plugins compatible for Editor in 0.37 ms, found 2 plugins.
Preloading 0 native plugins for Editor in 0.00 ms.
Mono: successfully reloaded assembly
- Completed reload, in  0.867 seconds
Platform modules already initialized, skipping
Switching build target platform(19) subTarget(0) extendedPlatform(0) -> platform(13) subTarget(524288) extendedPlatform(0)
Refreshing native plugins compatible for Editor in 0.39 ms, found 2 plugins.
Preloading 0 native plugins for Editor in 0.00 ms.
Unloading 1832 Unused Serialized files (Serialized files now loaded: 0)
System memory in use before: 100.6 MB.
System memory in use after: 100.7 MB.

Unloading 16 unused Assets to reduce memory usage. Loaded Objects now: 2454.
Total: 1.915900 ms (FindLiveObjects: 0.137300 ms CreateObjectMapping: 0.046300 ms MarkObjects: 1.569200 ms  DeleteObjects: 0.162200 ms)

AssetImportParameters requested are different than current active one (requested -> active):
  custom:graphics/normal-map-encoding: 01000000000000000000000000000000 -> 02000000000000000000000000000000
========================================================================
Received Prepare
Registering precompiled user dll's ...
Registered in 0.002847 seconds.
Begin MonoManager ReloadAssembly
Native extension for WindowsStandalone target not found
Native extension for WebGL target not found
Refreshing native plugins compatible for Editor in 0.36 ms, found 2 plugins.
Preloading 0 native plugins for Editor in 0.00 ms.
Mono: successfully reloaded assembly
- Completed reload, in  0.854 seconds
Platform modules already initialized, skipping
Switching build target platform(19) subTarget(0) extendedPlatform(0) -> platform(13) subTarget(524288) extendedPlatform(0)
Refreshing native plugins compatible for Editor in 0.36 ms, found 2 plugins.
Preloading 0 native plugins for Editor in 0.00 ms.
Unloading 1832 Unused Serialized files (Serialized files now loaded: 0)
System memory in use before: 100.6 MB.
System memory in use after: 100.7 MB.

Unloading 16 unused Assets to reduce memory usage. Loaded Objects now: 2458.
Total: 1.850700 ms (FindLiveObjects: 0.143100 ms CreateObjectMapping: 0.050400 ms MarkObjects: 1.581400 ms  DeleteObjects: 0.074700 ms)

AssetImportParameters requested are different than current active one (requested -> active):
  custom:graphics/normal-map-encoding: 01000000000000000000000000000000 -> 02000000000000000000000000000000
========================================================================
Received Prepare
Registering precompiled user dll's ...
Registered in 0.003178 seconds.
Begin MonoManager ReloadAssembly
Native extension for WindowsStandalone target not found
Native extension for WebGL target not found
Refreshing native plugins compatible for Editor in 0.36 ms, found 2 plugins.
Preloading 0 native plugins for Editor in 0.00 ms.
Mono: successfully reloaded assembly
- Completed reload, in  0.846 seconds
Platform modules already initialized, skipping
Switching build target platform(19) subTarget(0) extendedPlatform(0) -> platform(13) subTarget(524288) extendedPlatform(0)
Refreshing native plugins compatible for Editor in 0.41 ms, found 2 plugins.
Preloading 0 native plugins for Editor in 0.00 ms.
Unloading 1832 Unused Serialized files (Serialized files now loaded: 0)
System memory in use before: 100.6 MB.
System memory in use after: 100.7 MB.

Unloading 16 unused Assets to reduce memory usage. Loaded Objects now: 2462.
Total: 2.092600 ms (FindLiveObjects: 0.163700 ms CreateObjectMapping: 0.051400 ms MarkObjects: 1.813300 ms  DeleteObjects: 0.063100 ms)

AssetImportParameters requested are different than current active one (requested -> active):
  custom:graphics/normal-map-encoding: 01000000000000000000000000000000 -> 02000000000000000000000000000000
========================================================================
Received Import Request.
  Time since last request: 3891.070952 seconds.
  path: Assets/Graphics/ammo.png
  artifactKey: Guid(232eb729534f1fc4abd77467d8bddd75) Importer(815301076,1909f56bfc062723c751e8b465ee728b)
Start importing Assets/Graphics/ammo.png using Guid(232eb729534f1fc4abd77467d8bddd75) Importer(815301076,1909f56bfc062723c751e8b465ee728b)  -> (artifact id: '2ab2ca4b58dd206e1811e57005e6860d') in 0.074109 seconds
  Import took 0.090907 seconds .

========================================================================
Received Import Request.
  Time since last request: 11.050245 seconds.
  path: Assets/Graphics/ammo.png
  artifactKey: Guid(232eb729534f1fc4abd77467d8bddd75) Importer(815301076,1909f56bfc062723c751e8b465ee728b)
Start importing Assets/Graphics/ammo.png using Guid(232eb729534f1fc4abd77467d8bddd75) Importer(815301076,1909f56bfc062723c751e8b465ee728b)  -> (artifact id: 'e0e4fc44d2c07f08466dd409aeaf2034') in 0.041755 seconds
  Import took 0.058678 seconds .

========================================================================
Received Prepare
Registering precompiled user dll's ...
Registered in 0.002775 seconds.
Begin MonoManager ReloadAssembly
Native extension for WindowsStandalone target not found
Native extension for WebGL target not found
Refreshing native plugins compatible for Editor in 0.39 ms, found 2 plugins.
Preloading 0 native plugins for Editor in 0.00 ms.
Mono: successfully reloaded assembly
- Completed reload, in  0.877 seconds
Platform modules already initialized, skipping
Switching build target platform(19) subTarget(0) extendedPlatform(0) -> platform(13) subTarget(524288) extendedPlatform(0)
Refreshing native plugins compatible for Editor in 0.36 ms, found 2 plugins.
Preloading 0 native plugins for Editor in 0.00 ms.
Unloading 1832 Unused Serialized files (Serialized files now loaded: 0)
System memory in use before: 100.7 MB.
System memory in use after: 100.7 MB.

Unloading 16 unused Assets to reduce memory usage. Loaded Objects now: 2471.
Total: 1.938900 ms (FindLiveObjects: 0.174400 ms CreateObjectMapping: 0.054400 ms MarkObjects: 1.647900 ms  DeleteObjects: 0.061300 ms)

AssetImportParameters requested are different than current active one (requested -> active):
  custom:graphics/normal-map-encoding: 01000000000000000000000000000000 -> 02000000000000000000000000000000
========================================================================
Received Prepare
Registering precompiled user dll's ...
Registered in 0.002922 seconds.
Begin MonoManager ReloadAssembly
Native extension for WindowsStandalone target not found
Native extension for WebGL target not found
Refreshing native plugins compatible for Editor in 0.37 ms, found 2 plugins.
Preloading 0 native plugins for Editor in 0.00 ms.
Mono: successfully reloaded assembly
- Completed reload, in  0.866 seconds
Platform modules already initialized, skipping
Switching build target platform(19) subTarget(0) extendedPlatform(0) -> platform(13) subTarget(524288) extendedPlatform(0)
Refreshing native plugins compatible for Editor in 0.36 ms, found 2 plugins.
Preloading 0 native plugins for Editor in 0.00 ms.
Unloading 1832 Unused Serialized files (Serialized files now loaded: 0)
System memory in use before: 100.7 MB.
System memory in use after: 100.7 MB.

Unloading 16 unused Assets to reduce memory usage. Loaded Objects now: 2475.
Total: 1.743000 ms (FindLiveObjects: 0.156500 ms CreateObjectMapping: 0.053000 ms MarkObjects: 1.479800 ms  DeleteObjects: 0.052800 ms)

AssetImportParameters requested are different than current active one (requested -> active):
  custom:graphics/normal-map-encoding: 01000000000000000000000000000000 -> 02000000000000000000000000000000
========================================================================
Received Prepare
Registering precompiled user dll's ...
Registered in 0.002788 seconds.
Begin MonoManager ReloadAssembly
Native extension for WindowsStandalone target not found
Native extension for WebGL target not found
Refreshing native plugins compatible for Editor in 0.38 ms, found 2 plugins.
Preloading 0 native plugins for Editor in 0.00 ms.
Mono: successfully reloaded assembly
- Completed reload, in  0.863 seconds
Platform modules already initialized, skipping
Switching build target platform(19) subTarget(0) extendedPlatform(0) -> platform(13) subTarget(524288) extendedPlatform(0)
Refreshing native plugins compatible for Editor in 0.36 ms, found 2 plugins.
Preloading 0 native plugins for Editor in 0.00 ms.
Unloading 1832 Unused Serialized files (Serialized files now loaded: 0)
System memory in use before: 100.7 MB.
System memory in use after: 100.7 MB.

Unloading 16 unused Assets to reduce memory usage. Loaded Objects now: 2479.
Total: 1.805700 ms (FindLiveObjects: 0.147500 ms CreateObjectMapping: 0.050600 ms MarkObjects: 1.551200 ms  DeleteObjects: 0.055800 ms)

AssetImportParameters requested are different than current active one (requested -> active):
  custom:graphics/normal-map-encoding: 01000000000000000000000000000000 -> 02000000000000000000000000000000
========================================================================
Received Prepare
Registering precompiled user dll's ...
Registered in 0.002995 seconds.
Begin MonoManager ReloadAssembly
Native extension for WindowsStandalone target not found
Native extension for WebGL target not found
Refreshing native plugins compatible for Editor in 0.50 ms, found 2 plugins.
Preloading 0 native plugins for Editor in 0.00 ms.
Mono: successfully reloaded assembly
- Completed reload, in  0.890 seconds
Platform modules already initialized, skipping
Switching build target platform(19) subTarget(0) extendedPlatform(0) -> platform(13) subTarget(524288) extendedPlatform(0)
Refreshing native plugins compatible for Editor in 0.41 ms, found 2 plugins.
Preloading 0 native plugins for Editor in 0.00 ms.
Unloading 1832 Unused Serialized files (Serialized files now loaded: 0)
System memory in use before: 100.7 MB.
System memory in use after: 100.8 MB.

Unloading 16 unused Assets to reduce memory usage. Loaded Objects now: 2483.
Total: 2.428900 ms (FindLiveObjects: 0.267300 ms CreateObjectMapping: 0.090900 ms MarkObjects: 2.005000 ms  DeleteObjects: 0.064600 ms)

AssetImportParameters requested are different than current active one (requested -> active):
  custom:graphics/normal-map-encoding: 01000000000000000000000000000000 -> 02000000000000000000000000000000
========================================================================
Received Prepare
Registering precompiled user dll's ...
Registered in 0.002741 seconds.
Begin MonoManager ReloadAssembly
Native extension for WindowsStandalone target not found
Native extension for WebGL target not found
Refreshing native plugins compatible for Editor in 0.37 ms, found 2 plugins.
Preloading 0 native plugins for Editor in 0.00 ms.
Mono: successfully reloaded assembly
- Completed reload, in  0.862 seconds
Platform modules already initialized, skipping
Switching build target platform(19) subTarget(0) extendedPlatform(0) -> platform(13) subTarget(524288) extendedPlatform(0)
Refreshing native plugins compatible for Editor in 0.51 ms, found 2 plugins.
Preloading 0 native plugins for Editor in 0.00 ms.
Unloading 1832 Unused Serialized files (Serialized files now loaded: 0)
System memory in use before: 100.7 MB.
System memory in use after: 100.8 MB.

Unloading 16 unused Assets to reduce memory usage. Loaded Objects now: 2487.
Total: 2.273400 ms (FindLiveObjects: 0.196400 ms CreateObjectMapping: 0.058400 ms MarkObjects: 1.842900 ms  DeleteObjects: 0.174900 ms)

AssetImportParameters requested are different than current active one (requested -> active):
  custom:graphics/normal-map-encoding: 01000000000000000000000000000000 -> 02000000000000000000000000000000
========================================================================
Received Prepare
Registering precompiled user dll's ...
Registered in 0.002982 seconds.
Begin MonoManager ReloadAssembly
Native extension for WindowsStandalone target not found
Native extension for WebGL target not found
Refreshing native plugins compatible for Editor in 0.36 ms, found 2 plugins.
Preloading 0 native plugins for Editor in 0.00 ms.
Mono: successfully reloaded assembly
- Completed reload, in  0.872 seconds
Platform modules already initialized, skipping
Switching build target platform(19) subTarget(0) extendedPlatform(0) -> platform(13) subTarget(524288) extendedPlatform(0)
Refreshing native plugins compatible for Editor in 0.39 ms, found 2 plugins.
Preloading 0 native plugins for Editor in 0.00 ms.
Unloading 1832 Unused Serialized files (Serialized files now loaded: 0)
System memory in use before: 100.7 MB.
System memory in use after: 100.8 MB.

Unloading 16 unused Assets to reduce memory usage. Loaded Objects now: 2491.
Total: 1.783600 ms (FindLiveObjects: 0.156300 ms CreateObjectMapping: 0.055200 ms MarkObjects: 1.496400 ms  DeleteObjects: 0.075000 ms)

AssetImportParameters requested are different than current active one (requested -> active):
  custom:graphics/normal-map-encoding: 01000000000000000000000000000000 -> 02000000000000000000000000000000
========================================================================
Received Prepare
Registering precompiled user dll's ...
Registered in 0.002900 seconds.
Begin MonoManager ReloadAssembly
Native extension for WindowsStandalone target not found
Native extension for WebGL target not found
Refreshing native plugins compatible for Editor in 0.37 ms, found 2 plugins.
Preloading 0 native plugins for Editor in 0.00 ms.
Mono: successfully reloaded assembly
- Completed reload, in  0.867 seconds
Platform modules already initialized, skipping
Switching build target platform(19) subTarget(0) extendedPlatform(0) -> platform(13) subTarget(524288) extendedPlatform(0)
Refreshing native plugins compatible for Editor in 0.36 ms, found 2 plugins.
Preloading 0 native plugins for Editor in 0.00 ms.
Unloading 1832 Unused Serialized files (Serialized files now loaded: 0)
System memory in use before: 100.7 MB.
System memory in use after: 100.8 MB.

Unloading 16 unused Assets to reduce memory usage. Loaded Objects now: 2495.
Total: 1.865500 ms (FindLiveObjects: 0.208600 ms CreateObjectMapping: 0.062300 ms MarkObjects: 1.534200 ms  DeleteObjects: 0.059600 ms)

AssetImportParameters requested are different than current active one (requested -> active):
  custom:graphics/normal-map-encoding: 01000000000000000000000000000000 -> 02000000000000000000000000000000
========================================================================
Received Prepare
Registering precompiled user dll's ...
Registered in 0.003062 seconds.
Begin MonoManager ReloadAssembly
Native extension for WindowsStandalone target not found
Native extension for WebGL target not found
Refreshing native plugins compatible for Editor in 0.44 ms, found 2 plugins.
Preloading 0 native plugins for Editor in 0.00 ms.
Mono: successfully reloaded assembly
- Completed reload, in  0.865 seconds
Platform modules already initialized, skipping
Switching build target platform(19) subTarget(0) extendedPlatform(0) -> platform(13) subTarget(524288) extendedPlatform(0)
Refreshing native plugins compatible for Editor in 0.37 ms, found 2 plugins.
Preloading 0 native plugins for Editor in 0.00 ms.
Unloading 1832 Unused Serialized files (Serialized files now loaded: 0)
System memory in use before: 100.7 MB.
System memory in use after: 100.8 MB.

Unloading 16 unused Assets to reduce memory usage. Loaded Objects now: 2499.
Total: 1.823900 ms (FindLiveObjects: 0.157900 ms CreateObjectMapping: 0.053900 ms MarkObjects: 1.550700 ms  DeleteObjects: 0.060500 ms)

AssetImportParameters requested are different than current active one (requested -> active):
  custom:graphics/normal-map-encoding: 01000000000000000000000000000000 -> 02000000000000000000000000000000
========================================================================
Received Prepare
Registering precompiled user dll's ...
Registered in 0.002830 seconds.
Begin MonoManager ReloadAssembly
Native extension for WindowsStandalone target not found
Native extension for WebGL target not found
Refreshing native plugins compatible for Editor in 0.47 ms, found 2 plugins.
Preloading 0 native plugins for Editor in 0.00 ms.
Mono: successfully reloaded assembly
- Completed reload, in  0.866 seconds
Platform modules already initialized, skipping
Switching build target platform(19) subTarget(0) extendedPlatform(0) -> platform(13) subTarget(524288) extendedPlatform(0)
Refreshing native plugins compatible for Editor in 0.37 ms, found 2 plugins.
Preloading 0 native plugins for Editor in 0.00 ms.
Unloading 1832 Unused Serialized files (Serialized files now loaded: 0)
System memory in use before: 100.7 MB.
System memory in use after: 100.8 MB.

Unloading 16 unused Assets to reduce memory usage. Loaded Objects now: 2503.
Total: 1.992700 ms (FindLiveObjects: 0.193000 ms CreateObjectMapping: 0.059500 ms MarkObjects: 1.674000 ms  DeleteObjects: 0.065300 ms)

AssetImportParameters requested are different than current active one (requested -> active):
  custom:graphics/normal-map-encoding: 01000000000000000000000000000000 -> 02000000000000000000000000000000
========================================================================
Received Prepare
Registering precompiled user dll's ...
Registered in 0.002876 seconds.
Begin MonoManager ReloadAssembly
Native extension for WindowsStandalone target not found
Native extension for WebGL target not found
Refreshing native plugins compatible for Editor in 0.39 ms, found 2 plugins.
Preloading 0 native plugins for Editor in 0.00 ms.
Mono: successfully reloaded assembly
- Completed reload, in  0.969 seconds
Platform modules already initialized, skipping
Switching build target platform(19) subTarget(0) extendedPlatform(0) -> platform(13) subTarget(524288) extendedPlatform(0)
Refreshing native plugins compatible for Editor in 0.40 ms, found 2 plugins.
Preloading 0 native plugins for Editor in 0.00 ms.
Unloading 1832 Unused Serialized files (Serialized files now loaded: 0)
System memory in use before: 100.7 MB.
System memory in use after: 100.8 MB.

Unloading 16 unused Assets to reduce memory usage. Loaded Objects now: 2507.
Total: 2.358300 ms (FindLiveObjects: 0.178300 ms CreateObjectMapping: 0.055500 ms MarkObjects: 2.018600 ms  DeleteObjects: 0.104700 ms)

AssetImportParameters requested are different than current active one (requested -> active):
  custom:graphics/normal-map-encoding: 01000000000000000000000000000000 -> 02000000000000000000000000000000
========================================================================
Received Prepare
Registering precompiled user dll's ...
Registered in 0.002829 seconds.
Begin MonoManager ReloadAssembly
Native extension for WindowsStandalone target not found
Native extension for WebGL target not found
Refreshing native plugins compatible for Editor in 0.37 ms, found 2 plugins.
Preloading 0 native plugins for Editor in 0.00 ms.
Mono: successfully reloaded assembly
- Completed reload, in  0.868 seconds
Platform modules already initialized, skipping
Switching build target platform(19) subTarget(0) extendedPlatform(0) -> platform(13) subTarget(524288) extendedPlatform(0)
Refreshing native plugins compatible for Editor in 0.36 ms, found 2 plugins.
Preloading 0 native plugins for Editor in 0.00 ms.
Unloading 1832 Unused Serialized files (Serialized files now loaded: 0)
System memory in use before: 100.7 MB.
System memory in use after: 100.8 MB.

Unloading 16 unused Assets to reduce memory usage. Loaded Objects now: 2511.
Total: 1.741700 ms (FindLiveObjects: 0.143300 ms CreateObjectMapping: 0.049600 ms MarkObjects: 1.496200 ms  DeleteObjects: 0.051700 ms)

AssetImportParameters requested are different than current active one (requested -> active):
  custom:graphics/normal-map-encoding: 01000000000000000000000000000000 -> 02000000000000000000000000000000
========================================================================
Received Prepare
Registering precompiled user dll's ...
Registered in 0.002961 seconds.
Begin MonoManager ReloadAssembly
Native extension for WindowsStandalone target not found
Native extension for WebGL target not found
Refreshing native plugins compatible for Editor in 0.37 ms, found 2 plugins.
Preloading 0 native plugins for Editor in 0.00 ms.
Mono: successfully reloaded assembly
- Completed reload, in  0.922 seconds
Platform modules already initialized, skipping
Switching build target platform(19) subTarget(0) extendedPlatform(0) -> platform(13) subTarget(524288) extendedPlatform(0)
Refreshing native plugins compatible for Editor in 0.57 ms, found 2 plugins.
Preloading 0 native plugins for Editor in 0.00 ms.
Unloading 1832 Unused Serialized files (Serialized files now loaded: 0)
System memory in use before: 100.7 MB.
System memory in use after: 100.8 MB.

Unloading 16 unused Assets to reduce memory usage. Loaded Objects now: 2515.
Total: 1.846200 ms (FindLiveObjects: 0.167600 ms CreateObjectMapping: 0.054800 ms MarkObjects: 1.562600 ms  DeleteObjects: 0.060400 ms)

AssetImportParameters requested are different than current active one (requested -> active):
  custom:graphics/normal-map-encoding: 01000000000000000000000000000000 -> 02000000000000000000000000000000
========================================================================
Received Prepare
Registering precompiled user dll's ...
Registered in 0.003062 seconds.
Begin MonoManager ReloadAssembly
Native extension for WindowsStandalone target not found
Native extension for WebGL target not found
Refreshing native plugins compatible for Editor in 0.37 ms, found 2 plugins.
Preloading 0 native plugins for Editor in 0.00 ms.
Mono: successfully reloaded assembly
- Completed reload, in  0.886 seconds
Platform modules already initialized, skipping
Switching build target platform(19) subTarget(0) extendedPlatform(0) -> platform(13) subTarget(524288) extendedPlatform(0)
Refreshing native plugins compatible for Editor in 0.40 ms, found 2 plugins.
Preloading 0 native plugins for Editor in 0.00 ms.
Unloading 1832 Unused Serialized files (Serialized files now loaded: 0)
System memory in use before: 100.8 MB.
System memory in use after: 100.8 MB.

Unloading 16 unused Assets to reduce memory usage. Loaded Objects now: 2519.
Total: 2.261100 ms (FindLiveObjects: 0.188100 ms CreateObjectMapping: 0.060200 ms MarkObjects: 1.936600 ms  DeleteObjects: 0.074900 ms)

AssetImportParameters requested are different than current active one (requested -> active):
  custom:graphics/normal-map-encoding: 01000000000000000000000000000000 -> 02000000000000000000000000000000
========================================================================
Received Prepare
Registering precompiled user dll's ...
Registered in 0.002950 seconds.
Begin MonoManager ReloadAssembly
Native extension for WindowsStandalone target not found
Native extension for WebGL target not found
Refreshing native plugins compatible for Editor in 0.37 ms, found 2 plugins.
Preloading 0 native plugins for Editor in 0.00 ms.
Mono: successfully reloaded assembly
- Completed reload, in  0.898 seconds
Platform modules already initialized, skipping
Switching build target platform(19) subTarget(0) extendedPlatform(0) -> platform(13) subTarget(524288) extendedPlatform(0)
Refreshing native plugins compatible for Editor in 0.37 ms, found 2 plugins.
Preloading 0 native plugins for Editor in 0.00 ms.
Unloading 1832 Unused Serialized files (Serialized files now loaded: 0)
System memory in use before: 100.8 MB.
System memory in use after: 100.8 MB.

Unloading 16 unused Assets to reduce memory usage. Loaded Objects now: 2523.
Total: 2.377600 ms (FindLiveObjects: 0.185500 ms CreateObjectMapping: 0.066700 ms MarkObjects: 2.051300 ms  DeleteObjects: 0.072900 ms)

AssetImportParameters requested are different than current active one (requested -> active):
  custom:graphics/normal-map-encoding: 01000000000000000000000000000000 -> 02000000000000000000000000000000
AssetImportWorkerClient::OnTransportError - code=2 error=End of file
