Using pre-set license
Built from '2020.3/staging' branch; Version is '2020.3.10f1 (297d780c91bc) revision 2719096'; Using compiler version '192528614'; Build Type 'Release'
OS: 'Windows 10 Home; OS build 19041.1052; Version 2004; 64bit' Language: 'en' Physical Memory: 16237 MB
BatchMode: 1, IsHumanControllingUs: 0, StartBugReporterOnCrash: 0, Is64bit: 1, IsPro: 0

 COMMAND LINE ARGUMENTS:
D:\Program Files\Unity\2020.3.10f1\Editor\Unity.exe
-adb2
-batchMode
-noUpm
-name
AssetImportWorker0
-projectPath
D:/Game Portfolio/ARZombie
-logFile
Logs/AssetImportWorker0.log
-srvPort
63984
Successfully changed project path to: D:/Game Portfolio/ARZombie
D:/Game Portfolio/ARZombie
Using Asset Import Pipeline V2.
Refreshing native plugins compatible for Editor in 34.52 ms, found 2 plugins.
Preloading 0 native plugins for Editor in 0.00 ms.
Initialize engine version: 2020.3.10f1 (297d780c91bc)
[Subsystems] Discovering subsystems at path D:/Program Files/Unity/2020.3.10f1/Editor/Data/Resources/UnitySubsystems
[Subsystems] Discovering subsystems at path D:/Game Portfolio/ARZombie/Assets
GfxDevice: creating device client; threaded=0
Direct3D:
    Version:  Direct3D 11.0 [level 11.1]
    Renderer: NVIDIA GeForce GTX 1660 Ti (ID=0x2182)
    Vendor:   
    VRAM:     5991 MB
    Driver:   27.21.14.6137
Initialize mono
Mono path[0] = 'D:/Program Files/Unity/2020.3.10f1/Editor/Data/Managed'
Mono path[1] = 'D:/Program Files/Unity/2020.3.10f1/Editor/Data/MonoBleedingEdge/lib/mono/unityjit'
Mono config path = 'D:/Program Files/Unity/2020.3.10f1/Editor/Data/MonoBleedingEdge/etc'
Using monoOptions --debugger-agent=transport=dt_socket,embedding=1,server=y,suspend=n,address=127.0.0.1:56560
Begin MonoManager ReloadAssembly
Registering precompiled unity dll's ...
Register platform support module: D:/Program Files/Unity/2020.3.10f1/Editor/Data/PlaybackEngines/WebGLSupport/UnityEditor.WebGL.Extensions.dll
Register platform support module: D:/Program Files/Unity/2020.3.10f1/Editor/Data/PlaybackEngines/WindowsStandaloneSupport/UnityEditor.WindowsStandalone.Extensions.dll
Registered in 0.001122 seconds.
Native extension for WindowsStandalone target not found
Native extension for WebGL target not found
Refreshing native plugins compatible for Editor in 25.62 ms, found 2 plugins.
Preloading 0 native plugins for Editor in 0.00 ms.
Mono: successfully reloaded assembly
- Completed reload, in  1.451 seconds
Platform modules already initialized, skipping
Registering precompiled user dll's ...
Registered in 0.002744 seconds.
Begin MonoManager ReloadAssembly
Native extension for WindowsStandalone target not found
Native extension for WebGL target not found
Refreshing native plugins compatible for Editor in 0.37 ms, found 2 plugins.
Preloading 0 native plugins for Editor in 0.00 ms.
Mono: successfully reloaded assembly
- Completed reload, in  0.975 seconds
Platform modules already initialized, skipping
========================================================================
Worker process is ready to serve import requests
Launched and connected shader compiler UnityShaderCompiler.exe after 0.06 seconds
Refreshing native plugins compatible for Editor in 0.37 ms, found 2 plugins.
Preloading 0 native plugins for Editor in 0.00 ms.
Unloading 1740 Unused Serialized files (Serialized files now loaded: 0)
System memory in use before: 77.9 MB.
System memory in use after: 77.9 MB.

Unloading 21 unused Assets to reduce memory usage. Loaded Objects now: 2181.
Total: 2.166100 ms (FindLiveObjects: 0.155600 ms CreateObjectMapping: 0.053100 ms MarkObjects: 1.881300 ms  DeleteObjects: 0.075200 ms)

========================================================================
Received Import Request.
  path: Assets/Animations/ZombieController.controller
  artifactKey: Guid(bd4e85a02419fac4fa31d75221d7d38f) Importer(815301076,1909f56bfc062723c751e8b465ee728b)
Start importing Assets/Animations/ZombieController.controller using Guid(bd4e85a02419fac4fa31d75221d7d38f) Importer(815301076,1909f56bfc062723c751e8b465ee728b)  -> (artifact id: 'c0285d72d1f154a8b903b7dd7ef31215') in 0.056696 seconds
  Import took 0.059627 seconds .

========================================================================
Received Prepare
Registering precompiled user dll's ...
Registered in 0.002720 seconds.
Begin MonoManager ReloadAssembly
Native extension for WindowsStandalone target not found
Native extension for WebGL target not found
Refreshing native plugins compatible for Editor in 0.35 ms, found 2 plugins.
Preloading 0 native plugins for Editor in 0.00 ms.
Mono: successfully reloaded assembly
- Completed reload, in  0.817 seconds
Platform modules already initialized, skipping
Switching build target platform(19) subTarget(0) extendedPlatform(0) -> platform(13) subTarget(524288) extendedPlatform(0)
Refreshing native plugins compatible for Editor in 0.35 ms, found 2 plugins.
Preloading 0 native plugins for Editor in 0.00 ms.
Unloading 1733 Unused Serialized files (Serialized files now loaded: 0)
System memory in use before: 77.3 MB.
System memory in use after: 77.3 MB.

Unloading 16 unused Assets to reduce memory usage. Loaded Objects now: 2185.
Total: 1.660100 ms (FindLiveObjects: 0.139400 ms CreateObjectMapping: 0.050300 ms MarkObjects: 1.425000 ms  DeleteObjects: 0.044800 ms)

AssetImportParameters requested are different than current active one (requested -> active):
  custom:graphics/normal-map-encoding: 01000000000000000000000000000000 -> 02000000000000000000000000000000
========================================================================
Received Prepare
Refreshing native plugins compatible for Editor in 2.69 ms, found 2 plugins.
Preloading 0 native plugins for Editor in 0.00 ms.
Unloading 13 Unused Serialized files (Serialized files now loaded: 0)
System memory in use before: 43.3 MB.
System memory in use after: 43.4 MB.

Unloading 12 unused Assets to reduce memory usage. Loaded Objects now: 2186.
Total: 2.316400 ms (FindLiveObjects: 0.202700 ms CreateObjectMapping: 0.072700 ms MarkObjects: 1.984600 ms  DeleteObjects: 0.055400 ms)

========================================================================
Received Prepare
Registering precompiled user dll's ...
Registered in 0.004970 seconds.
Begin MonoManager ReloadAssembly
Native extension for WindowsStandalone target not found
Native extension for WebGL target not found
Refreshing native plugins compatible for Editor in 0.40 ms, found 2 plugins.
Preloading 0 native plugins for Editor in 0.00 ms.
Mono: successfully reloaded assembly
- Completed reload, in  0.895 seconds
Platform modules already initialized, skipping
Switching build target platform(19) subTarget(0) extendedPlatform(0) -> platform(13) subTarget(524288) extendedPlatform(0)
Refreshing native plugins compatible for Editor in 0.36 ms, found 2 plugins.
Preloading 0 native plugins for Editor in 0.00 ms.
Unloading 1732 Unused Serialized files (Serialized files now loaded: 0)
System memory in use before: 77.2 MB.
System memory in use after: 77.3 MB.

Unloading 15 unused Assets to reduce memory usage. Loaded Objects now: 2190.
Total: 1.911000 ms (FindLiveObjects: 0.139300 ms CreateObjectMapping: 0.048300 ms MarkObjects: 1.673200 ms  DeleteObjects: 0.049400 ms)

AssetImportParameters requested are different than current active one (requested -> active):
  custom:graphics/normal-map-encoding: 01000000000000000000000000000000 -> 02000000000000000000000000000000
========================================================================
Received Prepare
Registering precompiled user dll's ...
Registered in 0.002949 seconds.
Begin MonoManager ReloadAssembly
Native extension for WindowsStandalone target not found
Native extension for WebGL target not found
Refreshing native plugins compatible for Editor in 0.34 ms, found 2 plugins.
Preloading 0 native plugins for Editor in 0.00 ms.
Mono: successfully reloaded assembly
- Completed reload, in  0.817 seconds
Platform modules already initialized, skipping
Switching build target platform(19) subTarget(0) extendedPlatform(0) -> platform(13) subTarget(524288) extendedPlatform(0)
Refreshing native plugins compatible for Editor in 0.33 ms, found 2 plugins.
Preloading 0 native plugins for Editor in 0.00 ms.
Unloading 1732 Unused Serialized files (Serialized files now loaded: 0)
System memory in use before: 77.2 MB.
System memory in use after: 77.3 MB.

Unloading 15 unused Assets to reduce memory usage. Loaded Objects now: 2194.
Total: 2.432400 ms (FindLiveObjects: 0.183200 ms CreateObjectMapping: 0.061800 ms MarkObjects: 2.135600 ms  DeleteObjects: 0.050600 ms)

AssetImportParameters requested are different than current active one (requested -> active):
  custom:graphics/normal-map-encoding: 01000000000000000000000000000000 -> 02000000000000000000000000000000
========================================================================
Received Prepare
Registering precompiled user dll's ...
Registered in 0.002683 seconds.
Begin MonoManager ReloadAssembly
Native extension for WindowsStandalone target not found
Native extension for WebGL target not found
Refreshing native plugins compatible for Editor in 0.34 ms, found 2 plugins.
Preloading 0 native plugins for Editor in 0.00 ms.
Mono: successfully reloaded assembly
- Completed reload, in  0.823 seconds
Platform modules already initialized, skipping
Switching build target platform(19) subTarget(0) extendedPlatform(0) -> platform(13) subTarget(524288) extendedPlatform(0)
Refreshing native plugins compatible for Editor in 0.45 ms, found 2 plugins.
Preloading 0 native plugins for Editor in 0.00 ms.
Unloading 1732 Unused Serialized files (Serialized files now loaded: 0)
System memory in use before: 77.2 MB.
System memory in use after: 77.3 MB.

Unloading 15 unused Assets to reduce memory usage. Loaded Objects now: 2198.
Total: 1.989100 ms (FindLiveObjects: 0.190600 ms CreateObjectMapping: 0.077500 ms MarkObjects: 1.674800 ms  DeleteObjects: 0.045400 ms)

AssetImportParameters requested are different than current active one (requested -> active):
  custom:graphics/normal-map-encoding: 01000000000000000000000000000000 -> 02000000000000000000000000000000
========================================================================
Received Prepare
Registering precompiled user dll's ...
Registered in 0.003201 seconds.
Begin MonoManager ReloadAssembly
Native extension for WindowsStandalone target not found
Native extension for WebGL target not found
Refreshing native plugins compatible for Editor in 0.39 ms, found 2 plugins.
Preloading 0 native plugins for Editor in 0.00 ms.
Mono: successfully reloaded assembly
- Completed reload, in  0.817 seconds
Platform modules already initialized, skipping
Switching build target platform(19) subTarget(0) extendedPlatform(0) -> platform(13) subTarget(524288) extendedPlatform(0)
Refreshing native plugins compatible for Editor in 0.34 ms, found 2 plugins.
Preloading 0 native plugins for Editor in 0.00 ms.
Unloading 1732 Unused Serialized files (Serialized files now loaded: 0)
System memory in use before: 77.3 MB.
System memory in use after: 77.3 MB.

Unloading 15 unused Assets to reduce memory usage. Loaded Objects now: 2202.
Total: 1.725000 ms (FindLiveObjects: 0.138700 ms CreateObjectMapping: 0.047200 ms MarkObjects: 1.498600 ms  DeleteObjects: 0.039600 ms)

AssetImportParameters requested are different than current active one (requested -> active):
  custom:graphics/normal-map-encoding: 01000000000000000000000000000000 -> 02000000000000000000000000000000
========================================================================
Received Prepare
Registering precompiled user dll's ...
Registered in 0.002841 seconds.
Begin MonoManager ReloadAssembly
Native extension for WindowsStandalone target not found
Native extension for WebGL target not found
Refreshing native plugins compatible for Editor in 0.34 ms, found 2 plugins.
Preloading 0 native plugins for Editor in 0.00 ms.
Mono: successfully reloaded assembly
- Completed reload, in  0.816 seconds
Platform modules already initialized, skipping
Switching build target platform(19) subTarget(0) extendedPlatform(0) -> platform(13) subTarget(524288) extendedPlatform(0)
Refreshing native plugins compatible for Editor in 0.33 ms, found 2 plugins.
Preloading 0 native plugins for Editor in 0.00 ms.
Unloading 1732 Unused Serialized files (Serialized files now loaded: 0)
System memory in use before: 77.4 MB.
System memory in use after: 77.4 MB.

Unloading 15 unused Assets to reduce memory usage. Loaded Objects now: 2206.
Total: 1.619900 ms (FindLiveObjects: 0.127400 ms CreateObjectMapping: 0.043000 ms MarkObjects: 1.411800 ms  DeleteObjects: 0.036900 ms)

AssetImportParameters requested are different than current active one (requested -> active):
  custom:graphics/normal-map-encoding: 01000000000000000000000000000000 -> 02000000000000000000000000000000
========================================================================
Received Prepare
Registering precompiled user dll's ...
Registered in 0.002771 seconds.
Begin MonoManager ReloadAssembly
Native extension for WindowsStandalone target not found
Native extension for WebGL target not found
Refreshing native plugins compatible for Editor in 0.36 ms, found 2 plugins.
Preloading 0 native plugins for Editor in 0.00 ms.
Mono: successfully reloaded assembly
- Completed reload, in  0.824 seconds
Platform modules already initialized, skipping
Switching build target platform(19) subTarget(0) extendedPlatform(0) -> platform(13) subTarget(524288) extendedPlatform(0)
Refreshing native plugins compatible for Editor in 0.34 ms, found 2 plugins.
Preloading 0 native plugins for Editor in 0.00 ms.
Unloading 1732 Unused Serialized files (Serialized files now loaded: 0)
System memory in use before: 77.4 MB.
System memory in use after: 77.5 MB.

Unloading 15 unused Assets to reduce memory usage. Loaded Objects now: 2210.
Total: 1.721400 ms (FindLiveObjects: 0.119800 ms CreateObjectMapping: 0.040800 ms MarkObjects: 1.523000 ms  DeleteObjects: 0.037200 ms)

AssetImportParameters requested are different than current active one (requested -> active):
  custom:graphics/normal-map-encoding: 01000000000000000000000000000000 -> 02000000000000000000000000000000
========================================================================
Received Import Request.
  Time since last request: 1611.975576 seconds.
  path: Assets/Prefabs/EnemyTestPrefab.prefab
  artifactKey: Guid(1f9e91200a64dfe45afbf32f067b1409) Importer(815301076,1909f56bfc062723c751e8b465ee728b)
Start importing Assets/Prefabs/EnemyTestPrefab.prefab using Guid(1f9e91200a64dfe45afbf32f067b1409) Importer(815301076,1909f56bfc062723c751e8b465ee728b)  -> (artifact id: 'b5c772694ffd7a48561cb992f264645b') in 0.076139 seconds
  Import took 0.078935 seconds .

========================================================================
Received Import Request.
  Time since last request: 0.000249 seconds.
  path: Assets/Prefabs/ZombieTest.prefab
  artifactKey: Guid(4e3aacd50f5814f47a7f7cfd99f132ab) Importer(815301076,1909f56bfc062723c751e8b465ee728b)
Start importing Assets/Prefabs/ZombieTest.prefab using Guid(4e3aacd50f5814f47a7f7cfd99f132ab) Importer(815301076,1909f56bfc062723c751e8b465ee728b)  -> (artifact id: '1ebd9400fd85da575f2f9e2ee6624573') in 0.142737 seconds
  Import took 0.145813 seconds .

========================================================================
Received Prepare
Registering precompiled user dll's ...
Registered in 0.002751 seconds.
Begin MonoManager ReloadAssembly
Native extension for WindowsStandalone target not found
Native extension for WebGL target not found
Refreshing native plugins compatible for Editor in 0.34 ms, found 2 plugins.
Preloading 0 native plugins for Editor in 0.00 ms.
Mono: successfully reloaded assembly
- Completed reload, in  0.814 seconds
Platform modules already initialized, skipping
Switching build target platform(19) subTarget(0) extendedPlatform(0) -> platform(13) subTarget(524288) extendedPlatform(0)
Refreshing native plugins compatible for Editor in 0.33 ms, found 2 plugins.
Preloading 0 native plugins for Editor in 0.00 ms.
Unloading 1732 Unused Serialized files (Serialized files now loaded: 0)
System memory in use before: 94.1 MB.
System memory in use after: 94.2 MB.

Unloading 15 unused Assets to reduce memory usage. Loaded Objects now: 2223.
Total: 1.688800 ms (FindLiveObjects: 0.143700 ms CreateObjectMapping: 0.046600 ms MarkObjects: 1.445600 ms  DeleteObjects: 0.052000 ms)

AssetImportParameters requested are different than current active one (requested -> active):
  custom:graphics/normal-map-encoding: 01000000000000000000000000000000 -> 02000000000000000000000000000000
========================================================================
Received Import Request.
  Time since last request: 12045.593022 seconds.
  path: Assets/Scripts/Player.cs
  artifactKey: Guid(b54133cc7f7aa7d49ac163bf90729414) Importer(815301076,1909f56bfc062723c751e8b465ee728b)
Start importing Assets/Scripts/Player.cs using Guid(b54133cc7f7aa7d49ac163bf90729414) Importer(815301076,1909f56bfc062723c751e8b465ee728b)  -> (artifact id: 'a25b250b25f8dbf714bd19dedeec216e') in 0.027546 seconds
  Import took 0.030830 seconds .

========================================================================
Received Prepare
Registering precompiled user dll's ...
Registered in 0.002698 seconds.
Begin MonoManager ReloadAssembly
Native extension for WindowsStandalone target not found
Native extension for WebGL target not found
Refreshing native plugins compatible for Editor in 0.34 ms, found 2 plugins.
Preloading 0 native plugins for Editor in 0.00 ms.
Mono: successfully reloaded assembly
- Completed reload, in  0.860 seconds
Platform modules already initialized, skipping
Switching build target platform(19) subTarget(0) extendedPlatform(0) -> platform(13) subTarget(524288) extendedPlatform(0)
Refreshing native plugins compatible for Editor in 0.39 ms, found 2 plugins.
Preloading 0 native plugins for Editor in 0.00 ms.
Unloading 1733 Unused Serialized files (Serialized files now loaded: 0)
System memory in use before: 94.1 MB.
System memory in use after: 94.2 MB.

Unloading 15 unused Assets to reduce memory usage. Loaded Objects now: 2228.
Total: 1.681100 ms (FindLiveObjects: 0.135200 ms CreateObjectMapping: 0.048600 ms MarkObjects: 1.455700 ms  DeleteObjects: 0.041000 ms)

AssetImportParameters requested are different than current active one (requested -> active):
  custom:graphics/normal-map-encoding: 01000000000000000000000000000000 -> 02000000000000000000000000000000
========================================================================
Received Prepare
Registering precompiled user dll's ...
Registered in 0.002839 seconds.
Begin MonoManager ReloadAssembly
Native extension for WindowsStandalone target not found
Native extension for WebGL target not found
Refreshing native plugins compatible for Editor in 0.33 ms, found 2 plugins.
Preloading 0 native plugins for Editor in 0.00 ms.
Mono: successfully reloaded assembly
- Completed reload, in  0.831 seconds
Platform modules already initialized, skipping
Switching build target platform(19) subTarget(0) extendedPlatform(0) -> platform(13) subTarget(524288) extendedPlatform(0)
Refreshing native plugins compatible for Editor in 0.32 ms, found 2 plugins.
Preloading 0 native plugins for Editor in 0.00 ms.
Unloading 1733 Unused Serialized files (Serialized files now loaded: 0)
System memory in use before: 94.1 MB.
System memory in use after: 94.2 MB.

Unloading 15 unused Assets to reduce memory usage. Loaded Objects now: 2232.
Total: 1.749300 ms (FindLiveObjects: 0.121400 ms CreateObjectMapping: 0.041000 ms MarkObjects: 1.546600 ms  DeleteObjects: 0.039600 ms)

AssetImportParameters requested are different than current active one (requested -> active):
  custom:graphics/normal-map-encoding: 01000000000000000000000000000000 -> 02000000000000000000000000000000
========================================================================
Received Import Request.
  Time since last request: 14.803722 seconds.
  path: Assets/Scripts/Player.cs
  artifactKey: Guid(b54133cc7f7aa7d49ac163bf90729414) Importer(815301076,1909f56bfc062723c751e8b465ee728b)
Start importing Assets/Scripts/Player.cs using Guid(b54133cc7f7aa7d49ac163bf90729414) Importer(815301076,1909f56bfc062723c751e8b465ee728b)  -> (artifact id: '510d2351ea329a3626e8c6676a8ec683') in 0.005592 seconds
  Import took 0.007755 seconds .

========================================================================
Received Prepare
Registering precompiled user dll's ...
Registered in 0.002863 seconds.
Begin MonoManager ReloadAssembly
Native extension for WindowsStandalone target not found
Native extension for WebGL target not found
Refreshing native plugins compatible for Editor in 0.34 ms, found 2 plugins.
Preloading 0 native plugins for Editor in 0.00 ms.
Mono: successfully reloaded assembly
- Completed reload, in  0.859 seconds
Platform modules already initialized, skipping
Switching build target platform(19) subTarget(0) extendedPlatform(0) -> platform(13) subTarget(524288) extendedPlatform(0)
Refreshing native plugins compatible for Editor in 0.33 ms, found 2 plugins.
Preloading 0 native plugins for Editor in 0.00 ms.
Unloading 1733 Unused Serialized files (Serialized files now loaded: 0)
System memory in use before: 94.1 MB.
System memory in use after: 94.2 MB.

Unloading 15 unused Assets to reduce memory usage. Loaded Objects now: 2236.
Total: 2.276900 ms (FindLiveObjects: 0.216700 ms CreateObjectMapping: 0.063900 ms MarkObjects: 1.931800 ms  DeleteObjects: 0.063400 ms)

AssetImportParameters requested are different than current active one (requested -> active):
  custom:graphics/normal-map-encoding: 01000000000000000000000000000000 -> 02000000000000000000000000000000
========================================================================
Received Prepare
Registering precompiled user dll's ...
Registered in 0.003017 seconds.
Begin MonoManager ReloadAssembly
Native extension for WindowsStandalone target not found
Native extension for WebGL target not found
Refreshing native plugins compatible for Editor in 0.34 ms, found 2 plugins.
Preloading 0 native plugins for Editor in 0.00 ms.
Mono: successfully reloaded assembly
- Completed reload, in  0.844 seconds
Platform modules already initialized, skipping
Switching build target platform(19) subTarget(0) extendedPlatform(0) -> platform(13) subTarget(524288) extendedPlatform(0)
Refreshing native plugins compatible for Editor in 0.33 ms, found 2 plugins.
Preloading 0 native plugins for Editor in 0.00 ms.
Unloading 1733 Unused Serialized files (Serialized files now loaded: 0)
System memory in use before: 94.1 MB.
System memory in use after: 94.2 MB.

Unloading 15 unused Assets to reduce memory usage. Loaded Objects now: 2240.
Total: 1.793900 ms (FindLiveObjects: 0.134800 ms CreateObjectMapping: 0.043000 ms MarkObjects: 1.572500 ms  DeleteObjects: 0.043000 ms)

AssetImportParameters requested are different than current active one (requested -> active):
  custom:graphics/normal-map-encoding: 01000000000000000000000000000000 -> 02000000000000000000000000000000
========================================================================
Received Prepare
Registering precompiled user dll's ...
Registered in 0.002715 seconds.
Begin MonoManager ReloadAssembly
Native extension for WindowsStandalone target not found
Native extension for WebGL target not found
Refreshing native plugins compatible for Editor in 0.36 ms, found 2 plugins.
Preloading 0 native plugins for Editor in 0.00 ms.
Mono: successfully reloaded assembly
- Completed reload, in  0.833 seconds
Platform modules already initialized, skipping
Switching build target platform(19) subTarget(0) extendedPlatform(0) -> platform(13) subTarget(524288) extendedPlatform(0)
Refreshing native plugins compatible for Editor in 0.32 ms, found 2 plugins.
Preloading 0 native plugins for Editor in 0.00 ms.
Unloading 1733 Unused Serialized files (Serialized files now loaded: 0)
System memory in use before: 94.2 MB.
System memory in use after: 94.2 MB.

Unloading 16 unused Assets to reduce memory usage. Loaded Objects now: 2243.
Total: 1.865900 ms (FindLiveObjects: 0.127800 ms CreateObjectMapping: 0.047400 ms MarkObjects: 1.642400 ms  DeleteObjects: 0.047300 ms)

AssetImportParameters requested are different than current active one (requested -> active):
  custom:graphics/normal-map-encoding: 01000000000000000000000000000000 -> 02000000000000000000000000000000
========================================================================
Received Prepare
Registering precompiled user dll's ...
Registered in 0.003108 seconds.
Begin MonoManager ReloadAssembly
Native extension for WindowsStandalone target not found
Native extension for WebGL target not found
Refreshing native plugins compatible for Editor in 0.34 ms, found 2 plugins.
Preloading 0 native plugins for Editor in 0.00 ms.
Mono: successfully reloaded assembly
- Completed reload, in  0.841 seconds
Platform modules already initialized, skipping
Switching build target platform(19) subTarget(0) extendedPlatform(0) -> platform(13) subTarget(524288) extendedPlatform(0)
Refreshing native plugins compatible for Editor in 0.40 ms, found 2 plugins.
Preloading 0 native plugins for Editor in 0.00 ms.
Unloading 1734 Unused Serialized files (Serialized files now loaded: 0)
System memory in use before: 94.3 MB.
System memory in use after: 94.3 MB.

Unloading 16 unused Assets to reduce memory usage. Loaded Objects now: 2247.
Total: 1.804000 ms (FindLiveObjects: 0.136400 ms CreateObjectMapping: 0.045000 ms MarkObjects: 1.570000 ms  DeleteObjects: 0.051800 ms)

AssetImportParameters requested are different than current active one (requested -> active):
  custom:graphics/normal-map-encoding: 01000000000000000000000000000000 -> 02000000000000000000000000000000
========================================================================
Received Prepare
Registering precompiled user dll's ...
Registered in 0.122385 seconds.
Begin MonoManager ReloadAssembly
Native extension for WindowsStandalone target not found
Native extension for WebGL target not found
Refreshing native plugins compatible for Editor in 0.33 ms, found 2 plugins.
Preloading 0 native plugins for Editor in 0.00 ms.
Mono: successfully reloaded assembly
- Completed reload, in  0.925 seconds
Platform modules already initialized, skipping
Switching build target platform(19) subTarget(0) extendedPlatform(0) -> platform(13) subTarget(524288) extendedPlatform(0)
Refreshing native plugins compatible for Editor in 0.33 ms, found 2 plugins.
Preloading 0 native plugins for Editor in 0.00 ms.
Unloading 1734 Unused Serialized files (Serialized files now loaded: 0)
System memory in use before: 94.3 MB.
System memory in use after: 94.3 MB.

Unloading 16 unused Assets to reduce memory usage. Loaded Objects now: 2251.
Total: 1.844000 ms (FindLiveObjects: 0.137900 ms CreateObjectMapping: 0.042500 ms MarkObjects: 1.604200 ms  DeleteObjects: 0.058600 ms)

AssetImportParameters requested are different than current active one (requested -> active):
  custom:graphics/normal-map-encoding: 01000000000000000000000000000000 -> 02000000000000000000000000000000
========================================================================
Received Prepare
Registering precompiled user dll's ...
Registered in 0.002958 seconds.
Begin MonoManager ReloadAssembly
Native extension for WindowsStandalone target not found
Native extension for WebGL target not found
Refreshing native plugins compatible for Editor in 0.44 ms, found 2 plugins.
Preloading 0 native plugins for Editor in 0.00 ms.
Mono: successfully reloaded assembly
- Completed reload, in  0.831 seconds
Platform modules already initialized, skipping
Switching build target platform(19) subTarget(0) extendedPlatform(0) -> platform(13) subTarget(524288) extendedPlatform(0)
Refreshing native plugins compatible for Editor in 0.33 ms, found 2 plugins.
Preloading 0 native plugins for Editor in 0.00 ms.
Unloading 1734 Unused Serialized files (Serialized files now loaded: 0)
System memory in use before: 94.3 MB.
System memory in use after: 94.4 MB.

Unloading 16 unused Assets to reduce memory usage. Loaded Objects now: 2255.
Total: 1.732200 ms (FindLiveObjects: 0.141000 ms CreateObjectMapping: 0.047000 ms MarkObjects: 1.465200 ms  DeleteObjects: 0.078300 ms)

AssetImportParameters requested are different than current active one (requested -> active):
  custom:graphics/normal-map-encoding: 01000000000000000000000000000000 -> 02000000000000000000000000000000
========================================================================
Received Prepare
Registering precompiled user dll's ...
Registered in 0.002812 seconds.
Begin MonoManager ReloadAssembly
Native extension for WindowsStandalone target not found
Native extension for WebGL target not found
Refreshing native plugins compatible for Editor in 0.38 ms, found 2 plugins.
Preloading 0 native plugins for Editor in 0.00 ms.
Mono: successfully reloaded assembly
- Completed reload, in  0.968 seconds
Platform modules already initialized, skipping
Switching build target platform(19) subTarget(0) extendedPlatform(0) -> platform(13) subTarget(524288) extendedPlatform(0)
Refreshing native plugins compatible for Editor in 0.33 ms, found 2 plugins.
Preloading 0 native plugins for Editor in 0.00 ms.
Unloading 1734 Unused Serialized files (Serialized files now loaded: 0)
System memory in use before: 94.3 MB.
System memory in use after: 94.4 MB.

Unloading 16 unused Assets to reduce memory usage. Loaded Objects now: 2259.
Total: 2.083800 ms (FindLiveObjects: 0.205900 ms CreateObjectMapping: 0.063900 ms MarkObjects: 1.665700 ms  DeleteObjects: 0.147400 ms)

AssetImportParameters requested are different than current active one (requested -> active):
  custom:graphics/normal-map-encoding: 01000000000000000000000000000000 -> 02000000000000000000000000000000
========================================================================
Received Prepare
Registering precompiled user dll's ...
Registered in 0.002770 seconds.
Begin MonoManager ReloadAssembly
Native extension for WindowsStandalone target not found
Native extension for WebGL target not found
Refreshing native plugins compatible for Editor in 0.34 ms, found 2 plugins.
Preloading 0 native plugins for Editor in 0.00 ms.
Mono: successfully reloaded assembly
- Completed reload, in  0.851 seconds
Platform modules already initialized, skipping
Switching build target platform(19) subTarget(0) extendedPlatform(0) -> platform(13) subTarget(524288) extendedPlatform(0)
Refreshing native plugins compatible for Editor in 0.71 ms, found 2 plugins.
Preloading 0 native plugins for Editor in 0.00 ms.
Unloading 1734 Unused Serialized files (Serialized files now loaded: 0)
System memory in use before: 94.3 MB.
System memory in use after: 94.4 MB.

Unloading 16 unused Assets to reduce memory usage. Loaded Objects now: 2263.
Total: 1.798000 ms (FindLiveObjects: 0.148900 ms CreateObjectMapping: 0.044100 ms MarkObjects: 1.548700 ms  DeleteObjects: 0.055400 ms)

AssetImportParameters requested are different than current active one (requested -> active):
  custom:graphics/normal-map-encoding: 01000000000000000000000000000000 -> 02000000000000000000000000000000
========================================================================
Received Prepare
Registering precompiled user dll's ...
Registered in 0.002806 seconds.
Begin MonoManager ReloadAssembly
Native extension for WindowsStandalone target not found
Native extension for WebGL target not found
Refreshing native plugins compatible for Editor in 0.34 ms, found 2 plugins.
Preloading 0 native plugins for Editor in 0.00 ms.
Mono: successfully reloaded assembly
- Completed reload, in  0.840 seconds
Platform modules already initialized, skipping
Switching build target platform(19) subTarget(0) extendedPlatform(0) -> platform(13) subTarget(524288) extendedPlatform(0)
Refreshing native plugins compatible for Editor in 0.33 ms, found 2 plugins.
Preloading 0 native plugins for Editor in 0.00 ms.
Unloading 1734 Unused Serialized files (Serialized files now loaded: 0)
System memory in use before: 94.3 MB.
System memory in use after: 94.4 MB.

Unloading 16 unused Assets to reduce memory usage. Loaded Objects now: 2267.
Total: 1.731900 ms (FindLiveObjects: 0.143400 ms CreateObjectMapping: 0.050700 ms MarkObjects: 1.485700 ms  DeleteObjects: 0.051400 ms)

AssetImportParameters requested are different than current active one (requested -> active):
  custom:graphics/normal-map-encoding: 01000000000000000000000000000000 -> 02000000000000000000000000000000
========================================================================
Received Prepare
Registering precompiled user dll's ...
Registered in 0.002737 seconds.
Begin MonoManager ReloadAssembly
Native extension for WindowsStandalone target not found
Native extension for WebGL target not found
Refreshing native plugins compatible for Editor in 0.34 ms, found 2 plugins.
Preloading 0 native plugins for Editor in 0.00 ms.
Mono: successfully reloaded assembly
- Completed reload, in  0.837 seconds
Platform modules already initialized, skipping
Switching build target platform(19) subTarget(0) extendedPlatform(0) -> platform(13) subTarget(524288) extendedPlatform(0)
Refreshing native plugins compatible for Editor in 0.33 ms, found 2 plugins.
Preloading 0 native plugins for Editor in 0.00 ms.
Unloading 1734 Unused Serialized files (Serialized files now loaded: 0)
System memory in use before: 94.3 MB.
System memory in use after: 94.4 MB.

Unloading 16 unused Assets to reduce memory usage. Loaded Objects now: 2271.
Total: 1.701700 ms (FindLiveObjects: 0.154800 ms CreateObjectMapping: 0.049700 ms MarkObjects: 1.433100 ms  DeleteObjects: 0.063200 ms)

AssetImportParameters requested are different than current active one (requested -> active):
  custom:graphics/normal-map-encoding: 01000000000000000000000000000000 -> 02000000000000000000000000000000
========================================================================
Received Prepare
Registering precompiled user dll's ...
Registered in 0.003177 seconds.
Begin MonoManager ReloadAssembly
Native extension for WindowsStandalone target not found
Native extension for WebGL target not found
Refreshing native plugins compatible for Editor in 0.50 ms, found 2 plugins.
Preloading 0 native plugins for Editor in 0.00 ms.
[ScriptCompilation] NOT recompiling all scripts because this is an import worker process. Reason to compile was: Define symbols changed
Mono: successfully reloaded assembly
- Completed reload, in  0.929 seconds
Platform modules already initialized, skipping
Switching build target platform(19) subTarget(0) extendedPlatform(0) -> platform(13) subTarget(524288) extendedPlatform(0)
Refreshing native plugins compatible for Editor in 0.38 ms, found 2 plugins.
Preloading 0 native plugins for Editor in 0.00 ms.
Unloading 1854 Unused Serialized files (Serialized files now loaded: 0)
System memory in use before: 101.8 MB.
System memory in use after: 99.9 MB.

Unloading 43 unused Assets to reduce memory usage. Loaded Objects now: 2368.
Total: 2.741000 ms (FindLiveObjects: 0.187000 ms CreateObjectMapping: 0.063300 ms MarkObjects: 1.837200 ms  DeleteObjects: 0.652400 ms)

AssetImportParameters requested are different than current active one (requested -> active):
  custom:graphics/normal-map-encoding: 01000000000000000000000000000000 -> 02000000000000000000000000000000
========================================================================
Received Prepare
Registering precompiled user dll's ...
Registered in 0.002757 seconds.
Begin MonoManager ReloadAssembly
Native extension for WindowsStandalone target not found
Native extension for WebGL target not found
Refreshing native plugins compatible for Editor in 0.36 ms, found 2 plugins.
Preloading 0 native plugins for Editor in 0.00 ms.
Mono: successfully reloaded assembly
- Completed reload, in  0.883 seconds
Platform modules already initialized, skipping
Switching build target platform(19) subTarget(0) extendedPlatform(0) -> platform(13) subTarget(524288) extendedPlatform(0)
Refreshing native plugins compatible for Editor in 0.35 ms, found 2 plugins.
Preloading 0 native plugins for Editor in 0.00 ms.
Unloading 1854 Unused Serialized files (Serialized files now loaded: 0)
System memory in use before: 101.9 MB.
System memory in use after: 99.9 MB.

Unloading 43 unused Assets to reduce memory usage. Loaded Objects now: 2372.
Total: 2.642700 ms (FindLiveObjects: 0.140200 ms CreateObjectMapping: 0.049500 ms MarkObjects: 1.727000 ms  DeleteObjects: 0.725300 ms)

AssetImportParameters requested are different than current active one (requested -> active):
  custom:graphics/normal-map-encoding: 01000000000000000000000000000000 -> 02000000000000000000000000000000
========================================================================
Received Prepare
Registering precompiled user dll's ...
Registered in 0.002804 seconds.
Begin MonoManager ReloadAssembly
Native extension for WindowsStandalone target not found
Native extension for WebGL target not found
Refreshing native plugins compatible for Editor in 0.36 ms, found 2 plugins.
Preloading 0 native plugins for Editor in 0.00 ms.
Mono: successfully reloaded assembly
- Completed reload, in  0.872 seconds
Platform modules already initialized, skipping
Switching build target platform(19) subTarget(0) extendedPlatform(0) -> platform(13) subTarget(524288) extendedPlatform(0)
Refreshing native plugins compatible for Editor in 0.50 ms, found 2 plugins.
Preloading 0 native plugins for Editor in 0.00 ms.
Unloading 1854 Unused Serialized files (Serialized files now loaded: 0)
System memory in use before: 101.8 MB.
System memory in use after: 99.9 MB.

Unloading 43 unused Assets to reduce memory usage. Loaded Objects now: 2376.
Total: 2.301400 ms (FindLiveObjects: 0.161200 ms CreateObjectMapping: 0.055600 ms MarkObjects: 1.504100 ms  DeleteObjects: 0.579800 ms)

AssetImportParameters requested are different than current active one (requested -> active):
  custom:graphics/normal-map-encoding: 01000000000000000000000000000000 -> 02000000000000000000000000000000
========================================================================
Received Prepare
Registering precompiled user dll's ...
Registered in 0.003153 seconds.
Begin MonoManager ReloadAssembly
Native extension for WindowsStandalone target not found
Native extension for WebGL target not found
Refreshing native plugins compatible for Editor in 0.38 ms, found 2 plugins.
Preloading 0 native plugins for Editor in 0.00 ms.
Mono: successfully reloaded assembly
- Completed reload, in  0.868 seconds
Platform modules already initialized, skipping
Switching build target platform(19) subTarget(0) extendedPlatform(0) -> platform(13) subTarget(524288) extendedPlatform(0)
Refreshing native plugins compatible for Editor in 0.36 ms, found 2 plugins.
Preloading 0 native plugins for Editor in 0.00 ms.
Unloading 1854 Unused Serialized files (Serialized files now loaded: 0)
System memory in use before: 101.9 MB.
System memory in use after: 99.9 MB.

Unloading 43 unused Assets to reduce memory usage. Loaded Objects now: 2380.
Total: 2.325200 ms (FindLiveObjects: 0.145200 ms CreateObjectMapping: 0.050200 ms MarkObjects: 1.559500 ms  DeleteObjects: 0.569700 ms)

AssetImportParameters requested are different than current active one (requested -> active):
  custom:graphics/normal-map-encoding: 01000000000000000000000000000000 -> 02000000000000000000000000000000
========================================================================
Received Prepare
Registering precompiled user dll's ...
Registered in 0.002734 seconds.
Begin MonoManager ReloadAssembly
Native extension for WindowsStandalone target not found
Native extension for WebGL target not found
Refreshing native plugins compatible for Editor in 0.35 ms, found 2 plugins.
Preloading 0 native plugins for Editor in 0.00 ms.
Mono: successfully reloaded assembly
- Completed reload, in  0.877 seconds
Platform modules already initialized, skipping
Switching build target platform(19) subTarget(0) extendedPlatform(0) -> platform(13) subTarget(524288) extendedPlatform(0)
Refreshing native plugins compatible for Editor in 0.41 ms, found 2 plugins.
Preloading 0 native plugins for Editor in 0.00 ms.
Unloading 1854 Unused Serialized files (Serialized files now loaded: 0)
System memory in use before: 101.9 MB.
System memory in use after: 99.9 MB.

Unloading 43 unused Assets to reduce memory usage. Loaded Objects now: 2384.
Total: 2.348400 ms (FindLiveObjects: 0.146000 ms CreateObjectMapping: 0.048400 ms MarkObjects: 1.585500 ms  DeleteObjects: 0.567800 ms)

AssetImportParameters requested are different than current active one (requested -> active):
  custom:graphics/normal-map-encoding: 01000000000000000000000000000000 -> 02000000000000000000000000000000
========================================================================
Received Import Request.
  Time since last request: 68330.661093 seconds.
  path: Assets/Sounds
  artifactKey: Guid(82c3f49938546f64f861b06779b6000a) Importer(815301076,1909f56bfc062723c751e8b465ee728b)
Start importing Assets/Sounds using Guid(82c3f49938546f64f861b06779b6000a) Importer(815301076,1909f56bfc062723c751e8b465ee728b)  -> (artifact id: '70544f17b6990d29a1d47f10a6f024cc') in 0.010039 seconds
  Import took 0.013368 seconds .

========================================================================
Received Import Request.
  Time since last request: 0.009281 seconds.
  path: Assets/Sounds
  artifactKey: Guid(82c3f49938546f64f861b06779b6000a) Importer(815301076,1909f56bfc062723c751e8b465ee728b)
Start importing Assets/Sounds using Guid(82c3f49938546f64f861b06779b6000a) Importer(815301076,1909f56bfc062723c751e8b465ee728b)  -> (artifact id: '70544f17b6990d29a1d47f10a6f024cc') in 0.001896 seconds
  Import took 0.004522 seconds .

========================================================================
Received Import Request.
  Time since last request: 143.502993 seconds.
  path: Assets/Sounds/z1.ogg
  artifactKey: Guid(f046d9a4ea4c43a4495e942ce60a6729) Importer(815301076,1909f56bfc062723c751e8b465ee728b)
Start importing Assets/Sounds/z1.ogg using Guid(f046d9a4ea4c43a4495e942ce60a6729) Importer(815301076,1909f56bfc062723c751e8b465ee728b)  -> (artifact id: '655dd4270a097ebb94c109c54c68131e') in 0.150147 seconds
  Import took 0.153108 seconds .

========================================================================
Received Import Request.
  Time since last request: 0.000246 seconds.
  path: Assets/Sounds/z3.ogg
  artifactKey: Guid(db264385a350eee44b488bd627ce67ef) Importer(815301076,1909f56bfc062723c751e8b465ee728b)
Start importing Assets/Sounds/z3.ogg using Guid(db264385a350eee44b488bd627ce67ef) Importer(815301076,1909f56bfc062723c751e8b465ee728b)  -> (artifact id: '9c9dc8428ce778b4c9931adb951cd799') in 0.014202 seconds
  Import took 0.030177 seconds .

========================================================================
Received Import Request.
  Time since last request: 0.000245 seconds.
  path: Assets/Sounds/z4.ogg
  artifactKey: Guid(e6843c9a09bca744cb8247b465aa4f60) Importer(815301076,1909f56bfc062723c751e8b465ee728b)
Start importing Assets/Sounds/z4.ogg using Guid(e6843c9a09bca744cb8247b465aa4f60) Importer(815301076,1909f56bfc062723c751e8b465ee728b)  -> (artifact id: '4880ee395349e50e06b0d4681324acc1') in 0.014201 seconds
  Import took 0.017816 seconds .

========================================================================
Received Import Request.
  Time since last request: 0.000271 seconds.
  path: Assets/Sounds/z2.ogg
  artifactKey: Guid(4fac293562717fe4994543132ea82ae0) Importer(815301076,1909f56bfc062723c751e8b465ee728b)
Start importing Assets/Sounds/z2.ogg using Guid(4fac293562717fe4994543132ea82ae0) Importer(815301076,1909f56bfc062723c751e8b465ee728b)  -> (artifact id: 'a54ad140eca7c982863967500f7ca1a9') in 0.019883 seconds
  Import took 0.022556 seconds .

========================================================================
Received Import Request.
  Time since last request: 0.000242 seconds.
  path: Assets/Sounds/z5.ogg
  artifactKey: Guid(a5f38797eb057194595677f56ff23a4d) Importer(815301076,1909f56bfc062723c751e8b465ee728b)
Start importing Assets/Sounds/z5.ogg using Guid(a5f38797eb057194595677f56ff23a4d) Importer(815301076,1909f56bfc062723c751e8b465ee728b)  -> (artifact id: 'c49626e656bc7db49ff4d417e3a0a35b') in 0.021799 seconds
  Import took 0.025378 seconds .

========================================================================
Received Import Request.
  Time since last request: 0.000275 seconds.
  path: Assets/Sounds/z6.ogg
  artifactKey: Guid(6bf67a598a54f06459e7f75160ff2d2b) Importer(815301076,1909f56bfc062723c751e8b465ee728b)
Start importing Assets/Sounds/z6.ogg using Guid(6bf67a598a54f06459e7f75160ff2d2b) Importer(815301076,1909f56bfc062723c751e8b465ee728b)  -> (artifact id: '36f8e080e7a9811cf73274bf41795c2c') in 0.014563 seconds
  Import took 0.017951 seconds .

========================================================================
Received Import Request.
  Time since last request: 32.990154 seconds.
  path: Assets/Sounds/z2.ogg
  artifactKey: Guid(4fac293562717fe4994543132ea82ae0) Importer(815301076,1909f56bfc062723c751e8b465ee728b)
Start importing Assets/Sounds/z2.ogg using Guid(4fac293562717fe4994543132ea82ae0) Importer(815301076,1909f56bfc062723c751e8b465ee728b)  -> (artifact id: '3d82e580b387968c27842ea4af5aea81') in 0.011313 seconds
  Import took 0.014184 seconds .

========================================================================
Received Import Request.
  Time since last request: 14.376919 seconds.
  path: Assets/Sounds/z5.ogg
  artifactKey: Guid(a5f38797eb057194595677f56ff23a4d) Importer(815301076,1909f56bfc062723c751e8b465ee728b)
Start importing Assets/Sounds/z5.ogg using Guid(a5f38797eb057194595677f56ff23a4d) Importer(815301076,1909f56bfc062723c751e8b465ee728b)  -> (artifact id: '5d05d5eb89d2330d751d061ea67d7b9d') in 0.011243 seconds
  Import took 0.014571 seconds .

========================================================================
Received Import Request.
  Time since last request: 0.012089 seconds.
  path: Assets/Sounds/z1.ogg
  artifactKey: Guid(f046d9a4ea4c43a4495e942ce60a6729) Importer(815301076,1909f56bfc062723c751e8b465ee728b)
Start importing Assets/Sounds/z1.ogg using Guid(f046d9a4ea4c43a4495e942ce60a6729) Importer(815301076,1909f56bfc062723c751e8b465ee728b)  -> (artifact id: '0981a9fced8efdd73f99d649883855c5') in 0.014856 seconds
  Import took 0.018065 seconds .

========================================================================
Received Import Request.
  Time since last request: 0.000260 seconds.
  path: Assets/Sounds/z3.ogg
  artifactKey: Guid(db264385a350eee44b488bd627ce67ef) Importer(815301076,1909f56bfc062723c751e8b465ee728b)
Start importing Assets/Sounds/z3.ogg using Guid(db264385a350eee44b488bd627ce67ef) Importer(815301076,1909f56bfc062723c751e8b465ee728b)  -> (artifact id: 'f85bd9ae242ee92f24847e4f6c57ca07') in 0.010604 seconds
  Import took 0.013801 seconds .

========================================================================
Received Import Request.
  Time since last request: 0.000197 seconds.
  path: Assets/Sounds/z4.ogg
  artifactKey: Guid(e6843c9a09bca744cb8247b465aa4f60) Importer(815301076,1909f56bfc062723c751e8b465ee728b)
Start importing Assets/Sounds/z4.ogg using Guid(e6843c9a09bca744cb8247b465aa4f60) Importer(815301076,1909f56bfc062723c751e8b465ee728b)  -> (artifact id: '371c450957dbdd6ec84f7eb1db1ffdff') in 0.006501 seconds
  Import took 0.009500 seconds .

========================================================================
Received Import Request.
  Time since last request: 0.000276 seconds.
  path: Assets/Sounds/z2.ogg
  artifactKey: Guid(4fac293562717fe4994543132ea82ae0) Importer(815301076,1909f56bfc062723c751e8b465ee728b)
Start importing Assets/Sounds/z2.ogg using Guid(4fac293562717fe4994543132ea82ae0) Importer(815301076,1909f56bfc062723c751e8b465ee728b)  -> (artifact id: '3da031ca8d1ecb839bd455f89d7379f1') in 0.006181 seconds
  Import took 0.008687 seconds .

========================================================================
Received Import Request.
  Time since last request: 0.000278 seconds.
  path: Assets/Sounds/z6.ogg
  artifactKey: Guid(6bf67a598a54f06459e7f75160ff2d2b) Importer(815301076,1909f56bfc062723c751e8b465ee728b)
Start importing Assets/Sounds/z6.ogg using Guid(6bf67a598a54f06459e7f75160ff2d2b) Importer(815301076,1909f56bfc062723c751e8b465ee728b)  -> (artifact id: 'b2377d79ec9b1d3aaa47e5728277f955') in 0.005366 seconds
  Import took 0.008024 seconds .

========================================================================
Received Import Request.
  Time since last request: 231.334253 seconds.
  path: Assets/Sounds/g1.ogg
  artifactKey: Guid(7b71a4f05c148c94f8893bd473ebd0b2) Importer(815301076,1909f56bfc062723c751e8b465ee728b)
Start importing Assets/Sounds/g1.ogg using Guid(7b71a4f05c148c94f8893bd473ebd0b2) Importer(815301076,1909f56bfc062723c751e8b465ee728b)  -> (artifact id: 'a0d1a501764addaba5d77310da3f227b') in 0.017261 seconds
  Import took 0.020515 seconds .

========================================================================
Received Import Request.
  Time since last request: 0.000217 seconds.
  path: Assets/Sounds/g4.ogg
  artifactKey: Guid(b9e182b211889c64fa544d7e400e03a8) Importer(815301076,1909f56bfc062723c751e8b465ee728b)
Start importing Assets/Sounds/g4.ogg using Guid(b9e182b211889c64fa544d7e400e03a8) Importer(815301076,1909f56bfc062723c751e8b465ee728b)  -> (artifact id: '928005a92c3e17154021b32c752720d4') in 0.021694 seconds
  Import took 0.024394 seconds .

========================================================================
Received Import Request.
  Time since last request: 0.000255 seconds.
  path: Assets/Sounds/g2.ogg
  artifactKey: Guid(794bcc6c1d1855749882dfae7f43a11b) Importer(815301076,1909f56bfc062723c751e8b465ee728b)
Start importing Assets/Sounds/g2.ogg using Guid(794bcc6c1d1855749882dfae7f43a11b) Importer(815301076,1909f56bfc062723c751e8b465ee728b)  -> (artifact id: 'fe8ccb7d621588c5425905c17bf1bf10') in 0.011924 seconds
  Import took 0.015253 seconds .

========================================================================
Received Import Request.
  Time since last request: 0.000295 seconds.
  path: Assets/Sounds/g5.ogg
  artifactKey: Guid(8d1d03399fbd0474c9d9449a40ccdb15) Importer(815301076,1909f56bfc062723c751e8b465ee728b)
Start importing Assets/Sounds/g5.ogg using Guid(8d1d03399fbd0474c9d9449a40ccdb15) Importer(815301076,1909f56bfc062723c751e8b465ee728b)  -> (artifact id: '1cb6939225cabececa43fe21483658b7') in 0.020136 seconds
  Import took 0.023159 seconds .

========================================================================
Received Import Request.
  Time since last request: 0.000201 seconds.
  path: Assets/Sounds/g3.ogg
  artifactKey: Guid(6b6686bc735eef145a141805168d2ff6) Importer(815301076,1909f56bfc062723c751e8b465ee728b)
Start importing Assets/Sounds/g3.ogg using Guid(6b6686bc735eef145a141805168d2ff6) Importer(815301076,1909f56bfc062723c751e8b465ee728b)  -> (artifact id: '48b89aea075bd7e207f5cdb62f303f68') in 0.016831 seconds
  Import took 0.020022 seconds .

========================================================================
Received Import Request.
  Time since last request: 10.813712 seconds.
  path: Assets/Sounds/g5.ogg
  artifactKey: Guid(8d1d03399fbd0474c9d9449a40ccdb15) Importer(815301076,1909f56bfc062723c751e8b465ee728b)
Start importing Assets/Sounds/g5.ogg using Guid(8d1d03399fbd0474c9d9449a40ccdb15) Importer(815301076,1909f56bfc062723c751e8b465ee728b)  -> (artifact id: '77df5c2c0c4037cbb10ff76e6c757a75') in 0.008533 seconds
  Import took 0.011755 seconds .

========================================================================
Received Import Request.
  Time since last request: 0.013723 seconds.
  path: Assets/Sounds/g1.ogg
  artifactKey: Guid(7b71a4f05c148c94f8893bd473ebd0b2) Importer(815301076,1909f56bfc062723c751e8b465ee728b)
Start importing Assets/Sounds/g1.ogg using Guid(7b71a4f05c148c94f8893bd473ebd0b2) Importer(815301076,1909f56bfc062723c751e8b465ee728b)  -> (artifact id: '072794cba875263b0d187769c4e1a638') in 0.033499 seconds
  Import took 0.039566 seconds .

========================================================================
Received Import Request.
  Time since last request: 0.000251 seconds.
  path: Assets/Sounds/g4.ogg
  artifactKey: Guid(b9e182b211889c64fa544d7e400e03a8) Importer(815301076,1909f56bfc062723c751e8b465ee728b)
Start importing Assets/Sounds/g4.ogg using Guid(b9e182b211889c64fa544d7e400e03a8) Importer(815301076,1909f56bfc062723c751e8b465ee728b)  -> (artifact id: 'a83c92eb01d1c1db4d99d6a3d1d02644') in 0.007418 seconds
  Import took 0.010645 seconds .

========================================================================
Received Import Request.
  Time since last request: 0.000239 seconds.
  path: Assets/Sounds/g2.ogg
  artifactKey: Guid(794bcc6c1d1855749882dfae7f43a11b) Importer(815301076,1909f56bfc062723c751e8b465ee728b)
Start importing Assets/Sounds/g2.ogg using Guid(794bcc6c1d1855749882dfae7f43a11b) Importer(815301076,1909f56bfc062723c751e8b465ee728b)  -> (artifact id: 'ad3d938725cde77f4f0024607898ada4') in 0.005333 seconds
  Import took 0.008021 seconds .

========================================================================
Received Import Request.
  Time since last request: 0.000260 seconds.
  path: Assets/Sounds/g3.ogg
  artifactKey: Guid(6b6686bc735eef145a141805168d2ff6) Importer(815301076,1909f56bfc062723c751e8b465ee728b)
Start importing Assets/Sounds/g3.ogg using Guid(6b6686bc735eef145a141805168d2ff6) Importer(815301076,1909f56bfc062723c751e8b465ee728b)  -> (artifact id: 'da1dcda00fff67fb245ce6e2ded99992') in 0.008429 seconds
  Import took 0.011185 seconds .

========================================================================
Received Import Request.
  Time since last request: 245.804965 seconds.
  path: Assets/Scenes/StartMenu.unity
  artifactKey: Guid(6d0018229e403b5418f3ffd2ae8241e9) Importer(815301076,1909f56bfc062723c751e8b465ee728b)
Start importing Assets/Scenes/StartMenu.unity using Guid(6d0018229e403b5418f3ffd2ae8241e9) Importer(815301076,1909f56bfc062723c751e8b465ee728b)  -> (artifact id: '602db5ef9a1974e347a33e204b271a3f') in 0.006446 seconds
  Import took 0.009335 seconds .

========================================================================
Received Import Request.
  Time since last request: 0.015481 seconds.
  path: Assets/Scenes/StartMenu.unity
  artifactKey: Guid(6d0018229e403b5418f3ffd2ae8241e9) Importer(815301076,1909f56bfc062723c751e8b465ee728b)
Start importing Assets/Scenes/StartMenu.unity using Guid(6d0018229e403b5418f3ffd2ae8241e9) Importer(815301076,1909f56bfc062723c751e8b465ee728b)  -> (artifact id: '602db5ef9a1974e347a33e204b271a3f') in 0.002523 seconds
  Import took 0.005462 seconds .

========================================================================
Received Import Request.
  Time since last request: 613.482388 seconds.
  path: Assets/Fonts
  artifactKey: Guid(4fc1b997b8b3aab4cb55d4434ab70578) Importer(815301076,1909f56bfc062723c751e8b465ee728b)
Start importing Assets/Fonts using Guid(4fc1b997b8b3aab4cb55d4434ab70578) Importer(815301076,1909f56bfc062723c751e8b465ee728b)  -> (artifact id: 'a5a69f1423f2555f9efdbed772c24d6a') in 0.005177 seconds
  Import took 0.008205 seconds .

========================================================================
Received Import Request.
  Time since last request: 0.001976 seconds.
  path: Assets/Fonts
  artifactKey: Guid(4fc1b997b8b3aab4cb55d4434ab70578) Importer(815301076,1909f56bfc062723c751e8b465ee728b)
Start importing Assets/Fonts using Guid(4fc1b997b8b3aab4cb55d4434ab70578) Importer(815301076,1909f56bfc062723c751e8b465ee728b)  -> (artifact id: 'a5a69f1423f2555f9efdbed772c24d6a') in 0.001826 seconds
  Import took 0.004321 seconds .

========================================================================
Received Import Request.
  Time since last request: 5.176271 seconds.
  path: Assets/Fonts/Roboto
  artifactKey: Guid(d4814f17a35e9ae4e89a7ccb11e1bfee) Importer(815301076,1909f56bfc062723c751e8b465ee728b)
Start importing Assets/Fonts/Roboto using Guid(d4814f17a35e9ae4e89a7ccb11e1bfee) Importer(815301076,1909f56bfc062723c751e8b465ee728b)  -> (artifact id: '9e4dcc5da488782067ad1a1fa89775a1') in 0.005524 seconds
  Import took 0.008176 seconds .

========================================================================
Received Import Request.
  Time since last request: 0.091202 seconds.
  path: Assets/Fonts/Roboto/Roboto-Black.ttf
  artifactKey: Guid(125378ca4b14ee1439f343d7eb702033) Importer(815301076,1909f56bfc062723c751e8b465ee728b)
Start importing Assets/Fonts/Roboto/Roboto-Black.ttf using Guid(125378ca4b14ee1439f343d7eb702033) Importer(815301076,1909f56bfc062723c751e8b465ee728b)  -> (artifact id: '3c9061ad6e919e442c31ea66c38cda46') in 0.068832 seconds
  Import took 0.071730 seconds .

========================================================================
Received Import Request.
  Time since last request: 0.000290 seconds.
  path: Assets/Fonts/Roboto/Roboto-Bold.ttf
  artifactKey: Guid(2d6dfc6cd18d21e45beeedf19fadea57) Importer(815301076,1909f56bfc062723c751e8b465ee728b)
Start importing Assets/Fonts/Roboto/Roboto-Bold.ttf using Guid(2d6dfc6cd18d21e45beeedf19fadea57) Importer(815301076,1909f56bfc062723c751e8b465ee728b)  -> (artifact id: '2c15027e71aada27866532444937e85a') in 0.011201 seconds
  Import took 0.013888 seconds .

========================================================================
Received Import Request.
  Time since last request: 0.000238 seconds.
  path: Assets/Fonts/Roboto/Roboto-MediumItalic.ttf
  artifactKey: Guid(943fb77385c630841ab2b815486c08f9) Importer(815301076,1909f56bfc062723c751e8b465ee728b)
Start importing Assets/Fonts/Roboto/Roboto-MediumItalic.ttf using Guid(943fb77385c630841ab2b815486c08f9) Importer(815301076,1909f56bfc062723c751e8b465ee728b)  -> (artifact id: '00851dfdb6c95faa36efccbb8c789a49') in 0.012212 seconds
  Import took 0.015146 seconds .

========================================================================
Received Import Request.
  Time since last request: 0.000253 seconds.
  path: Assets/Fonts/Roboto/Roboto-Thin.ttf
  artifactKey: Guid(1ef7513f3064ef743aef9f70699bb36a) Importer(815301076,1909f56bfc062723c751e8b465ee728b)
Start importing Assets/Fonts/Roboto/Roboto-Thin.ttf using Guid(1ef7513f3064ef743aef9f70699bb36a) Importer(815301076,1909f56bfc062723c751e8b465ee728b)  -> (artifact id: 'e26bb9bd0058aae32c0e298d39933718') in 0.010927 seconds
  Import took 0.013500 seconds .

========================================================================
Received Import Request.
  Time since last request: 0.000272 seconds.
  path: Assets/Fonts/Roboto/Roboto-LightItalic.ttf
  artifactKey: Guid(07b3a743f0de5654aa40534e98def7f9) Importer(815301076,1909f56bfc062723c751e8b465ee728b)
Start importing Assets/Fonts/Roboto/Roboto-LightItalic.ttf using Guid(07b3a743f0de5654aa40534e98def7f9) Importer(815301076,1909f56bfc062723c751e8b465ee728b)  -> (artifact id: '71a29f214158b345f830708c3b672791') in 0.012036 seconds
  Import took 0.015276 seconds .

========================================================================
Received Import Request.
  Time since last request: 0.000299 seconds.
  path: Assets/Fonts/Roboto/Roboto-BlackItalic.ttf
  artifactKey: Guid(8be3588822d222d458feb9fd4604a381) Importer(815301076,1909f56bfc062723c751e8b465ee728b)
Start importing Assets/Fonts/Roboto/Roboto-BlackItalic.ttf using Guid(8be3588822d222d458feb9fd4604a381) Importer(815301076,1909f56bfc062723c751e8b465ee728b)  -> (artifact id: 'b8cd792cb96f490332d563ec769dead8') in 0.010901 seconds
  Import took 0.013576 seconds .

========================================================================
Received Import Request.
  Time since last request: 0.000230 seconds.
  path: Assets/Fonts/Roboto/Roboto-Regular.ttf
  artifactKey: Guid(f42ab57889538564eb9dfe5a4c5d8210) Importer(815301076,1909f56bfc062723c751e8b465ee728b)
Start importing Assets/Fonts/Roboto/Roboto-Regular.ttf using Guid(f42ab57889538564eb9dfe5a4c5d8210) Importer(815301076,1909f56bfc062723c751e8b465ee728b)  -> (artifact id: 'a289d0b0a9d2f334f35464c57c58e6c2') in 0.010749 seconds
  Import took 0.013672 seconds .

========================================================================
Received Import Request.
  Time since last request: 0.000276 seconds.
  path: Assets/Fonts/Roboto/Roboto-ThinItalic.ttf
  artifactKey: Guid(de2eacdd68b874248a3c6ce2d43d883b) Importer(815301076,1909f56bfc062723c751e8b465ee728b)
Start importing Assets/Fonts/Roboto/Roboto-ThinItalic.ttf using Guid(de2eacdd68b874248a3c6ce2d43d883b) Importer(815301076,1909f56bfc062723c751e8b465ee728b)  -> (artifact id: '113df21611928e8678e0cd38673a3399') in 0.012060 seconds
  Import took 0.014961 seconds .

========================================================================
Received Import Request.
  Time since last request: 0.000280 seconds.
  path: Assets/Fonts/Roboto/Roboto-Italic.ttf
  artifactKey: Guid(04e141f1a34633c44a4c4f647c13f588) Importer(815301076,1909f56bfc062723c751e8b465ee728b)
Start importing Assets/Fonts/Roboto/Roboto-Italic.ttf using Guid(04e141f1a34633c44a4c4f647c13f588) Importer(815301076,1909f56bfc062723c751e8b465ee728b)  -> (artifact id: '8868e1671d3198d6fe545d302a8d0bf4') in 0.012125 seconds
  Import took 0.015245 seconds .

========================================================================
Received Import Request.
  Time since last request: 0.000290 seconds.
  path: Assets/Fonts/Roboto/Roboto-Medium.ttf
  artifactKey: Guid(bd18931a26595804ea8478084410f63a) Importer(815301076,1909f56bfc062723c751e8b465ee728b)
Start importing Assets/Fonts/Roboto/Roboto-Medium.ttf using Guid(bd18931a26595804ea8478084410f63a) Importer(815301076,1909f56bfc062723c751e8b465ee728b)  -> (artifact id: 'b296b871d9ee0b1b5ead3e2109b1dda6') in 0.013551 seconds
  Import took 0.016775 seconds .

========================================================================
Received Import Request.
  Time since last request: 0.000369 seconds.
  path: Assets/Fonts/Roboto/Roboto-BoldItalic.ttf
  artifactKey: Guid(93df3e3ea99c2b84584a0ae22d7b4610) Importer(815301076,1909f56bfc062723c751e8b465ee728b)
Start importing Assets/Fonts/Roboto/Roboto-BoldItalic.ttf using Guid(93df3e3ea99c2b84584a0ae22d7b4610) Importer(815301076,1909f56bfc062723c751e8b465ee728b)  -> (artifact id: 'f8aef2edc5c0f7d71337f118eae65f8e') in 0.012347 seconds
  Import took 0.015930 seconds .

========================================================================
Received Import Request.
  Time since last request: 0.000267 seconds.
  path: Assets/Fonts/Roboto/Roboto-Light.ttf
  artifactKey: Guid(0e238566e5784dc448e8cd729b2aa0a7) Importer(815301076,1909f56bfc062723c751e8b465ee728b)
Start importing Assets/Fonts/Roboto/Roboto-Light.ttf using Guid(0e238566e5784dc448e8cd729b2aa0a7) Importer(815301076,1909f56bfc062723c751e8b465ee728b)  -> (artifact id: '6da24cf6e23d0f15ca313d057dec610b') in 0.012641 seconds
  Import took 0.016257 seconds .

========================================================================
Received Import Request.
  Time since last request: 66.232423 seconds.
  path: Assets/TextMesh Pro/Resources/Fonts & Materials/LiberationSans SDF - Drop Shadow.mat
  artifactKey: Guid(e73a58f6e2794ae7b1b7e50b7fb811b0) Importer(815301076,1909f56bfc062723c751e8b465ee728b)
Start importing Assets/TextMesh Pro/Resources/Fonts & Materials/LiberationSans SDF - Drop Shadow.mat using Guid(e73a58f6e2794ae7b1b7e50b7fb811b0) Importer(815301076,1909f56bfc062723c751e8b465ee728b)  -> (artifact id: 'ca0d2861f60500f05bd29199894f7bb5') in 0.087530 seconds
  Import took 0.090262 seconds .

========================================================================
Received Import Request.
  Time since last request: 0.000264 seconds.
  path: Assets/TextMesh Pro/Resources/Fonts & Materials/LiberationSans SDF - Outline.mat
  artifactKey: Guid(79459efec17a4d00a321bdcc27bbc385) Importer(815301076,1909f56bfc062723c751e8b465ee728b)
Start importing Assets/TextMesh Pro/Resources/Fonts & Materials/LiberationSans SDF - Outline.mat using Guid(79459efec17a4d00a321bdcc27bbc385) Importer(815301076,1909f56bfc062723c751e8b465ee728b)  -> (artifact id: '289988fcecf3b00d1602f8d2b589f7dd') in 0.066843 seconds
  Import took 0.069370 seconds .

========================================================================
Received Import Request.
  Time since last request: 0.000272 seconds.
  path: Assets/TextMesh Pro/Resources/Fonts & Materials/LiberationSans SDF - Fallback.asset
  artifactKey: Guid(2e498d1c8094910479dc3e1b768306a4) Importer(815301076,1909f56bfc062723c751e8b465ee728b)
Start importing Assets/TextMesh Pro/Resources/Fonts & Materials/LiberationSans SDF - Fallback.asset using Guid(2e498d1c8094910479dc3e1b768306a4) Importer(815301076,1909f56bfc062723c751e8b465ee728b)  -> (artifact id: 'b8c2210586957436df79bf961aeff06e') in 0.065193 seconds
  Import took 0.067702 seconds .

========================================================================
Received Import Request.
  Time since last request: 0.000231 seconds.
  path: Assets/TextMesh Pro/Resources/Fonts & Materials/LiberationSans SDF - Drop Shadow.mat
  artifactKey: Guid(e73a58f6e2794ae7b1b7e50b7fb811b0) Importer(815301076,1909f56bfc062723c751e8b465ee728b)
Start importing Assets/TextMesh Pro/Resources/Fonts & Materials/LiberationSans SDF - Drop Shadow.mat using Guid(e73a58f6e2794ae7b1b7e50b7fb811b0) Importer(815301076,1909f56bfc062723c751e8b465ee728b)  -> (artifact id: 'ca0d2861f60500f05bd29199894f7bb5') in 0.023856 seconds
  Import took 0.026472 seconds .

========================================================================
Received Import Request.
  Time since last request: 0.000266 seconds.
  path: Assets/TextMesh Pro/Resources/Fonts & Materials/LiberationSans SDF - Fallback.asset
  artifactKey: Guid(2e498d1c8094910479dc3e1b768306a4) Importer(815301076,1909f56bfc062723c751e8b465ee728b)
Start importing Assets/TextMesh Pro/Resources/Fonts & Materials/LiberationSans SDF - Fallback.asset using Guid(2e498d1c8094910479dc3e1b768306a4) Importer(815301076,1909f56bfc062723c751e8b465ee728b)  -> (artifact id: 'b8c2210586957436df79bf961aeff06e') in 0.009486 seconds
  Import took 0.012513 seconds .

========================================================================
Received Import Request.
  Time since last request: 0.000250 seconds.
  path: Assets/TextMesh Pro/Resources/Fonts & Materials/LiberationSans SDF.asset
  artifactKey: Guid(8f586378b4e144a9851e7b34d9b748ee) Importer(815301076,1909f56bfc062723c751e8b465ee728b)
Start importing Assets/TextMesh Pro/Resources/Fonts & Materials/LiberationSans SDF.asset using Guid(8f586378b4e144a9851e7b34d9b748ee) Importer(815301076,1909f56bfc062723c751e8b465ee728b)  -> (artifact id: 'f1280cc7be10b532b2897fc8654f95d3') in 0.035028 seconds
  Import took 0.038222 seconds .

========================================================================
Received Import Request.
  Time since last request: 0.003030 seconds.
  path: Assets/TextMesh Pro/Resources/Fonts & Materials/LiberationSans SDF.asset
  artifactKey: Guid(8f586378b4e144a9851e7b34d9b748ee) Importer(815301076,1909f56bfc062723c751e8b465ee728b)
Start importing Assets/TextMesh Pro/Resources/Fonts & Materials/LiberationSans SDF.asset using Guid(8f586378b4e144a9851e7b34d9b748ee) Importer(815301076,1909f56bfc062723c751e8b465ee728b)  -> (artifact id: 'f1280cc7be10b532b2897fc8654f95d3') in 0.032694 seconds
  Import took 0.035365 seconds .

========================================================================
Received Import Request.
  Time since last request: 795.148228 seconds.
  path: Assets/Scripts/StartMenu.cs
  artifactKey: Guid(2737d145dc959184f8f89460c8975f4a) Importer(815301076,1909f56bfc062723c751e8b465ee728b)
Start importing Assets/Scripts/StartMenu.cs using Guid(2737d145dc959184f8f89460c8975f4a) Importer(815301076,1909f56bfc062723c751e8b465ee728b)  -> (artifact id: '958cc6abb232854e88987c08c43d3078') in 0.007103 seconds
  Import took 0.011472 seconds .

========================================================================
Received Prepare
Registering precompiled user dll's ...
Registered in 0.002772 seconds.
Begin MonoManager ReloadAssembly
Native extension for WindowsStandalone target not found
Native extension for WebGL target not found
Refreshing native plugins compatible for Editor in 0.41 ms, found 2 plugins.
Preloading 0 native plugins for Editor in 0.00 ms.
Mono: successfully reloaded assembly
- Completed reload, in  0.962 seconds
Platform modules already initialized, skipping
Switching build target platform(19) subTarget(0) extendedPlatform(0) -> platform(13) subTarget(524288) extendedPlatform(0)
Refreshing native plugins compatible for Editor in 0.36 ms, found 2 plugins.
Preloading 0 native plugins for Editor in 0.00 ms.
Unloading 1868 Unused Serialized files (Serialized files now loaded: 0)
System memory in use before: 104.6 MB.
System memory in use after: 102.0 MB.

Unloading 55 unused Assets to reduce memory usage. Loaded Objects now: 2430.
Total: 2.602000 ms (FindLiveObjects: 0.151100 ms CreateObjectMapping: 0.051700 ms MarkObjects: 1.637600 ms  DeleteObjects: 0.761000 ms)

AssetImportParameters requested are different than current active one (requested -> active):
  custom:graphics/normal-map-encoding: 01000000000000000000000000000000 -> 02000000000000000000000000000000
========================================================================
Received Import Request.
  Time since last request: 262.213915 seconds.
  path: Assets/Scripts/StartMenu.cs
  artifactKey: Guid(2737d145dc959184f8f89460c8975f4a) Importer(815301076,1909f56bfc062723c751e8b465ee728b)
Start importing Assets/Scripts/StartMenu.cs using Guid(2737d145dc959184f8f89460c8975f4a) Importer(815301076,1909f56bfc062723c751e8b465ee728b)  -> (artifact id: '868f11e4ef0e03d505b528dbb7565c78') in 0.008858 seconds
  Import took 0.014136 seconds .

========================================================================
Received Prepare
Registering precompiled user dll's ...
Registered in 0.002857 seconds.
Begin MonoManager ReloadAssembly
Native extension for WindowsStandalone target not found
Native extension for WebGL target not found
Refreshing native plugins compatible for Editor in 0.40 ms, found 2 plugins.
Preloading 0 native plugins for Editor in 0.00 ms.
Mono: successfully reloaded assembly
- Completed reload, in  1.097 seconds
Platform modules already initialized, skipping
Switching build target platform(19) subTarget(0) extendedPlatform(0) -> platform(13) subTarget(524288) extendedPlatform(0)
Refreshing native plugins compatible for Editor in 0.36 ms, found 2 plugins.
Preloading 0 native plugins for Editor in 0.00 ms.
Unloading 1867 Unused Serialized files (Serialized files now loaded: 0)
System memory in use before: 104.4 MB.
System memory in use after: 101.9 MB.

Unloading 55 unused Assets to reduce memory usage. Loaded Objects now: 2434.
Total: 2.607600 ms (FindLiveObjects: 0.150300 ms CreateObjectMapping: 0.051500 ms MarkObjects: 1.624300 ms  DeleteObjects: 0.780700 ms)

AssetImportParameters requested are different than current active one (requested -> active):
  custom:graphics/normal-map-encoding: 01000000000000000000000000000000 -> 02000000000000000000000000000000
========================================================================
Received Prepare
Registering precompiled user dll's ...
Registered in 0.002897 seconds.
Begin MonoManager ReloadAssembly
Native extension for WindowsStandalone target not found
Native extension for WebGL target not found
Refreshing native plugins compatible for Editor in 0.42 ms, found 2 plugins.
Preloading 0 native plugins for Editor in 0.00 ms.
Mono: successfully reloaded assembly
- Completed reload, in  0.885 seconds
Platform modules already initialized, skipping
Switching build target platform(19) subTarget(0) extendedPlatform(0) -> platform(13) subTarget(524288) extendedPlatform(0)
Refreshing native plugins compatible for Editor in 0.37 ms, found 2 plugins.
Preloading 0 native plugins for Editor in 0.00 ms.
Unloading 1867 Unused Serialized files (Serialized files now loaded: 0)
System memory in use before: 104.5 MB.
System memory in use after: 101.9 MB.

Unloading 55 unused Assets to reduce memory usage. Loaded Objects now: 2438.
Total: 2.697600 ms (FindLiveObjects: 0.163100 ms CreateObjectMapping: 0.051900 ms MarkObjects: 1.667600 ms  DeleteObjects: 0.814300 ms)

AssetImportParameters requested are different than current active one (requested -> active):
  custom:graphics/normal-map-encoding: 01000000000000000000000000000000 -> 02000000000000000000000000000000
========================================================================
Received Import Request.
  Time since last request: 740.899837 seconds.
  path: Assets/Scenes/LevelTest.unity
  artifactKey: Guid(9fc0d4010bbf28b4594072e72b8655ab) Importer(815301076,1909f56bfc062723c751e8b465ee728b)
Start importing Assets/Scenes/LevelTest.unity using Guid(9fc0d4010bbf28b4594072e72b8655ab) Importer(815301076,1909f56bfc062723c751e8b465ee728b)  -> (artifact id: '1c6f26255dd7d966d32be6cfda25c805') in 0.017507 seconds
  Import took 0.020240 seconds .

========================================================================
Received Import Request.
  Time since last request: 70.685682 seconds.
  path: Assets/Scripts/GameManager.cs
  artifactKey: Guid(be8ec5b832fcea94abb05c07f3fa6956) Importer(815301076,1909f56bfc062723c751e8b465ee728b)
Start importing Assets/Scripts/GameManager.cs using Guid(be8ec5b832fcea94abb05c07f3fa6956) Importer(815301076,1909f56bfc062723c751e8b465ee728b)  -> (artifact id: '347737e28145def893251f095892996f') in 0.006549 seconds
  Import took 0.009318 seconds .

========================================================================
Received Prepare
Registering precompiled user dll's ...
Registered in 0.002704 seconds.
Begin MonoManager ReloadAssembly
Native extension for WindowsStandalone target not found
Native extension for WebGL target not found
Refreshing native plugins compatible for Editor in 0.36 ms, found 2 plugins.
Preloading 0 native plugins for Editor in 0.00 ms.
Mono: successfully reloaded assembly
- Completed reload, in  0.905 seconds
Platform modules already initialized, skipping
Switching build target platform(19) subTarget(0) extendedPlatform(0) -> platform(13) subTarget(524288) extendedPlatform(0)
Refreshing native plugins compatible for Editor in 0.50 ms, found 2 plugins.
Preloading 0 native plugins for Editor in 0.00 ms.
Unloading 1868 Unused Serialized files (Serialized files now loaded: 0)
System memory in use before: 104.5 MB.
System memory in use after: 101.9 MB.

Unloading 55 unused Assets to reduce memory usage. Loaded Objects now: 2443.
Total: 2.890100 ms (FindLiveObjects: 0.221900 ms CreateObjectMapping: 0.061300 ms MarkObjects: 1.754700 ms  DeleteObjects: 0.851400 ms)

AssetImportParameters requested are different than current active one (requested -> active):
  custom:graphics/normal-map-encoding: 01000000000000000000000000000000 -> 02000000000000000000000000000000
========================================================================
Received Prepare
Registering precompiled user dll's ...
Registered in 0.004656 seconds.
Begin MonoManager ReloadAssembly
Native extension for WindowsStandalone target not found
Native extension for WebGL target not found
Refreshing native plugins compatible for Editor in 0.46 ms, found 2 plugins.
Preloading 0 native plugins for Editor in 0.00 ms.
Mono: successfully reloaded assembly
- Completed reload, in  0.881 seconds
Platform modules already initialized, skipping
Switching build target platform(19) subTarget(0) extendedPlatform(0) -> platform(13) subTarget(524288) extendedPlatform(0)
Refreshing native plugins compatible for Editor in 0.38 ms, found 2 plugins.
Preloading 0 native plugins for Editor in 0.00 ms.
Unloading 1868 Unused Serialized files (Serialized files now loaded: 0)
System memory in use before: 104.5 MB.
System memory in use after: 101.9 MB.

Unloading 55 unused Assets to reduce memory usage. Loaded Objects now: 2447.
Total: 2.699900 ms (FindLiveObjects: 0.165400 ms CreateObjectMapping: 0.054400 ms MarkObjects: 1.670500 ms  DeleteObjects: 0.808700 ms)

AssetImportParameters requested are different than current active one (requested -> active):
  custom:graphics/normal-map-encoding: 01000000000000000000000000000000 -> 02000000000000000000000000000000
========================================================================
Received Import Request.
  Time since last request: 142.127067 seconds.
  path: Assets/TextMesh Pro/Resources/Fonts & Materials/LiberationSans SDF - Fallback.asset
  artifactKey: Guid(2e498d1c8094910479dc3e1b768306a4) Importer(815301076,1909f56bfc062723c751e8b465ee728b)
Start importing Assets/TextMesh Pro/Resources/Fonts & Materials/LiberationSans SDF - Fallback.asset using Guid(2e498d1c8094910479dc3e1b768306a4) Importer(815301076,1909f56bfc062723c751e8b465ee728b)  -> (artifact id: '39ad047a1e8e99e3b97d6b7d5deabc5d') in 0.083716 seconds
  Import took 0.087020 seconds .

========================================================================
Received Import Request.
  Time since last request: 0.003692 seconds.
  path: Assets/TextMesh Pro/Resources/Fonts & Materials/LiberationSans SDF - Fallback.asset
  artifactKey: Guid(2e498d1c8094910479dc3e1b768306a4) Importer(815301076,1909f56bfc062723c751e8b465ee728b)
Start importing Assets/TextMesh Pro/Resources/Fonts & Materials/LiberationSans SDF - Fallback.asset using Guid(2e498d1c8094910479dc3e1b768306a4) Importer(815301076,1909f56bfc062723c751e8b465ee728b)  -> (artifact id: '39ad047a1e8e99e3b97d6b7d5deabc5d') in 0.047675 seconds
  Import took 0.050352 seconds .

========================================================================
Received Import Request.
  Time since last request: 396.162058 seconds.
  path: Assets/TextMesh Pro/Fonts/LiberationSans.ttf
  artifactKey: Guid(e3265ab4bf004d28a9537516768c1c75) Importer(815301076,1909f56bfc062723c751e8b465ee728b)
Start importing Assets/TextMesh Pro/Fonts/LiberationSans.ttf using Guid(e3265ab4bf004d28a9537516768c1c75) Importer(815301076,1909f56bfc062723c751e8b465ee728b)  -> (artifact id: '7fb887743c1737d48c63346d2cc23e1c') in 0.023570 seconds
  Import took 0.027001 seconds .

========================================================================
Received Import Request.
  Time since last request: 0.001494 seconds.
  path: Assets/TextMesh Pro/Fonts/LiberationSans.ttf
  artifactKey: Guid(e3265ab4bf004d28a9537516768c1c75) Importer(815301076,1909f56bfc062723c751e8b465ee728b)
Start importing Assets/TextMesh Pro/Fonts/LiberationSans.ttf using Guid(e3265ab4bf004d28a9537516768c1c75) Importer(815301076,1909f56bfc062723c751e8b465ee728b)  -> (artifact id: '7fb887743c1737d48c63346d2cc23e1c') in 0.033481 seconds
  Import took 0.036030 seconds .

========================================================================
Received Prepare
Registering precompiled user dll's ...
Registered in 0.002761 seconds.
Begin MonoManager ReloadAssembly
Native extension for WindowsStandalone target not found
Native extension for WebGL target not found
Refreshing native plugins compatible for Editor in 0.36 ms, found 2 plugins.
Preloading 0 native plugins for Editor in 0.00 ms.
Mono: successfully reloaded assembly
- Completed reload, in  0.861 seconds
Platform modules already initialized, skipping
Switching build target platform(19) subTarget(0) extendedPlatform(0) -> platform(13) subTarget(524288) extendedPlatform(0)
Refreshing native plugins compatible for Editor in 0.38 ms, found 2 plugins.
Preloading 0 native plugins for Editor in 0.00 ms.
Unloading 1868 Unused Serialized files (Serialized files now loaded: 0)
System memory in use before: 104.5 MB.
System memory in use after: 101.9 MB.

Unloading 55 unused Assets to reduce memory usage. Loaded Objects now: 2453.
Total: 2.561900 ms (FindLiveObjects: 0.164900 ms CreateObjectMapping: 0.057000 ms MarkObjects: 1.532100 ms  DeleteObjects: 0.807200 ms)

AssetImportParameters requested are different than current active one (requested -> active):
  custom:graphics/normal-map-encoding: 01000000000000000000000000000000 -> 02000000000000000000000000000000
========================================================================
Received Prepare
Refreshing native plugins compatible for Editor in 2.44 ms, found 2 plugins.
Preloading 0 native plugins for Editor in 0.00 ms.
Unloading 52 Unused Serialized files (Serialized files now loaded: 0)
System memory in use before: 68.7 MB.
System memory in use after: 66.1 MB.

Unloading 51 unused Assets to reduce memory usage. Loaded Objects now: 2454.
Total: 3.048100 ms (FindLiveObjects: 0.193400 ms CreateObjectMapping: 0.072800 ms MarkObjects: 1.833500 ms  DeleteObjects: 0.947300 ms)

========================================================================
Received Prepare
Registering precompiled user dll's ...
Registered in 0.003159 seconds.
Begin MonoManager ReloadAssembly
Native extension for WindowsStandalone target not found
Native extension for WebGL target not found
Refreshing native plugins compatible for Editor in 0.77 ms, found 2 plugins.
Preloading 0 native plugins for Editor in 0.00 ms.
Mono: successfully reloaded assembly
- Completed reload, in  1.089 seconds
Platform modules already initialized, skipping
Switching build target platform(19) subTarget(0) extendedPlatform(0) -> platform(13) subTarget(524288) extendedPlatform(0)
Refreshing native plugins compatible for Editor in 0.42 ms, found 2 plugins.
Preloading 0 native plugins for Editor in 0.00 ms.
Unloading 1867 Unused Serialized files (Serialized files now loaded: 0)
System memory in use before: 104.4 MB.
System memory in use after: 101.8 MB.

Unloading 54 unused Assets to reduce memory usage. Loaded Objects now: 2458.
Total: 3.376000 ms (FindLiveObjects: 0.216000 ms CreateObjectMapping: 0.074700 ms MarkObjects: 2.037700 ms  DeleteObjects: 1.046300 ms)

AssetImportParameters requested are different than current active one (requested -> active):
  custom:graphics/normal-map-encoding: 01000000000000000000000000000000 -> 02000000000000000000000000000000
